This file contains any messages produced by compilers while
running configure, to aid debugging if configure makes a mistake.

It was created by enigma2 configure 3.0.0, which was
generated by GNU Autoconf 2.64.  Invocation command line was

  $ ./configure --host=sh4-linux --without-libsdl --with-datadir=/usr/local/share --with-libdir=/usr/lib --with-plugindir=/usr/lib/tuxbox/plugins --prefix=/usr --datadir=/usr/local/share --sysconfdir=/etc STAGING_INCDIR=/home/pinky/Desktop/testing/Edision/pingulux-git/tdt/tufsbox/host/usr/include STAGING_LIBDIR=/home/pinky/Desktop/testing/Edision/pingulux-git/tdt/tufsbox/host/usr/lib PKG_CONFIG=/home/pinky/Desktop/testing/Edision/pingulux-git/tdt/tufsbox/host/bin/pkg-config PKG_CONFIG_PATH=/home/pinky/Desktop/testing/Edision/pingulux-git/tdt/tufsbox/cdkroot/usr/lib/pkgconfig PY_PATH=/home/pinky/Desktop/testing/Edision/pingulux-git/tdt/tufsbox/cdkroot/usr CPPFLAGS= -DPLATFORM_SPARK -I/home/pinky/Desktop/testing/Edision/pingulux-git/tdt/cvs/driver/include -I /home/pinky/Desktop/testing/Edision/pingulux-git/tdt/cvs/cdk/linux-sh4-2.6.23.17_stm23_0123/include

## --------- ##
## Platform. ##
## --------- ##

hostname = asuslappy
uname -m = x86_64
uname -r = 2.6.31-23-generic
uname -s = Linux
uname -v = #75-Ubuntu SMP Fri Mar 18 18:16:06 UTC 2011

/usr/bin/uname -p = unknown
/bin/uname -X     = unknown

/bin/arch              = unknown
/usr/bin/arch -k       = unknown
/usr/convex/getsysinfo = unknown
/usr/bin/hostinfo      = unknown
/bin/machine           = unknown
/usr/bin/oslevel       = unknown
/bin/universe          = unknown

PATH: /home/pinky/Desktop/testing/Edision/pingulux-git/tdt/tufsbox/host/ccache-bin
PATH: /home/pinky/Desktop/testing/Edision/pingulux-git/tdt/tufsbox/devkit/sh4/bin
PATH: /home/pinky/bin
PATH: /usr/local/sbin
PATH: /usr/local/bin
PATH: /usr/sbin
PATH: /usr/bin
PATH: /sbin
PATH: /bin
PATH: /usr/games
PATH: /usr/sbin


## ----------- ##
## Core tests. ##
## ----------- ##

configure:2581: checking for a BSD-compatible install
configure:2649: result: /usr/bin/install -c
configure:2660: checking whether build environment is sane
configure:2710: result: yes
configure:2759: checking for sh4-linux-strip
configure:2775: found /home/pinky/Desktop/testing/Edision/pingulux-git/tdt/tufsbox/devkit/sh4/bin/sh4-linux-strip
configure:2786: result: sh4-linux-strip
configure:2851: checking for a thread-safe mkdir -p
configure:2890: result: /bin/mkdir -p
configure:2903: checking for gawk
configure:2919: found /usr/bin/gawk
configure:2930: result: gawk
configure:2941: checking whether make sets $(MAKE)
configure:2963: result: yes
configure:3029: checking how to create a pax tar archive
configure:3042: tar --version
tar (GNU tar) 1.22
Copyright (C) 2009 Free Software Foundation, Inc.
License GPLv3+: GNU GPL version 3 or later <http://gnu.org/licenses/gpl.html>.
This is free software: you are free to change and redistribute it.
There is NO WARRANTY, to the extent permitted by law.

Written by John Gilmore and Jay Fenlason.
configure:3045: $? = 0
configure:3085: tardir=conftest.dir && eval tar --format=posix -chf - "$tardir" >conftest.tar
configure:3088: $? = 0
configure:3092: tar -xf - <conftest.tar
configure:3095: $? = 0
configure:3108: result: gnutar
configure:3145: checking for style of include used by make
configure:3173: result: GNU
configure:3203: checking for sh4-linux-gcc
configure:3219: found /home/pinky/Desktop/testing/Edision/pingulux-git/tdt/tufsbox/host/ccache-bin/sh4-linux-gcc
configure:3230: result: sh4-linux-gcc
configure:3499: checking for C compiler version
configure:3508: sh4-linux-gcc --version >&5
sh4-linux-gcc (STMicroelectronics/Linux Base) 4.3.4 20091123
Copyright (C) 2008 Free Software Foundation, Inc.
This is free software; see the source for copying conditions.  There is NO
warranty; not even for MERCHANTABILITY or FITNESS FOR A PARTICULAR PURPOSE.

configure:3519: $? = 0
configure:3508: sh4-linux-gcc -v >&5
Using built-in specs.
Target: sh4-linux
Configured with: ../configure --target=sh4-linux --prefix=/home/pinky/Desktop/testing/Edision/pingulux-git/tdt/tufsbox/devkit/sh4 --exec-prefix=/home/pinky/Desktop/testing/Edision/pingulux-git/tdt/tufsbox/devkit/sh4 --bindir=/home/pinky/Desktop/testing/Edision/pingulux-git/tdt/tufsbox/devkit/sh4/bin --sbindir=/home/pinky/Desktop/testing/Edision/pingulux-git/tdt/tufsbox/devkit/sh4/sbin --sysconfdir=/home/pinky/Desktop/testing/Edision/pingulux-git/tdt/tufsbox/devkit/sh4/etc --datadir=/home/pinky/Desktop/testing/Edision/pingulux-git/tdt/tufsbox/devkit/sh4/share --includedir=/home/pinky/Desktop/testing/Edision/pingulux-git/tdt/tufsbox/devkit/sh4/include --libdir=/home/pinky/Desktop/testing/Edision/pingulux-git/tdt/tufsbox/devkit/sh4/lib --libexecdir=/home/pinky/Desktop/testing/Edision/pingulux-git/tdt/tufsbox/devkit/sh4/libexec --localstatedir=/home/pinky/Desktop/testing/Edision/pingulux-git/tdt/tufsbox/devkit/sh4/var --sharedstatedir=/home/pinky/Desktop/testing/Edision/pingulux-git/tdt/tufsbox/devkit/sh4/share --mandir=/home/pinky/Desktop/testing/Edision/pingulux-git/tdt/tufsbox/devkit/sh4/man --infodir=/home/pinky/Desktop/testing/Edision/pingulux-git/tdt/tufsbox/devkit/sh4/info --disable-checking --program-prefix=sh4-linux- --with-local-prefix=/home/pinky/Desktop/testing/Edision/pingulux-git/tdt/tufsbox/devkit/sh4 --with-sysroot=/home/pinky/Desktop/testing/Edision/pingulux-git/tdt/tufsbox/cdkroot --enable-languages=c,c++ --enable-threads=posix --enable-nls --enable-c99 --enable-long-long --with-system-zlib --enable-shared --disable-libgomp --enable-multilib --with-multilib-list=m4,m4-nofpu --enable-symvers=gnu --with-gmp=/home/pinky/Desktop/testing/Edision/pingulux-git/tdt/tufsbox/devkit/sh4 --with-mpfr=/home/pinky/Desktop/testing/Edision/pingulux-git/tdt/tufsbox/devkit/sh4 --with-gxx-include-dir='${prefix}/../../cdkroot/usr/include/c++/4.3.4' --enable-__cxa_atexit
Thread model: posix
gcc version 4.3.4 20091123 (STMicroelectronics/Linux Base) 
configure:3519: $? = 0
configure:3508: sh4-linux-gcc -V >&5
sh4-linux-gcc: '-V' option must have argument
configure:3519: $? = 1
configure:3508: sh4-linux-gcc -qversion >&5
sh4-linux-gcc: unrecognized option '-qversion'
sh4-linux-gcc: no input files
configure:3519: $? = 1
configure:3541: checking for C compiler default output file name
configure:3563: sh4-linux-gcc -g -O2  -DPLATFORM_SPARK -I/home/pinky/Desktop/testing/Edision/pingulux-git/tdt/cvs/driver/include -I /home/pinky/Desktop/testing/Edision/pingulux-git/tdt/cvs/cdk/linux-sh4-2.6.23.17_stm23_0123/include  conftest.c  >&5
configure:3567: $? = 0
configure:3604: result: a.out
configure:3620: checking whether the C compiler works
configure:3629: ./a.out
./configure: line 3631: ./a.out: cannot execute binary file
configure:3633: $? = 126
configure:3648: result: yes
configure:3655: checking whether we are cross compiling
configure:3657: result: yes
configure:3660: checking for suffix of executables
configure:3667: sh4-linux-gcc -o conftest -g -O2  -DPLATFORM_SPARK -I/home/pinky/Desktop/testing/Edision/pingulux-git/tdt/cvs/driver/include -I /home/pinky/Desktop/testing/Edision/pingulux-git/tdt/cvs/cdk/linux-sh4-2.6.23.17_stm23_0123/include  conftest.c  >&5
configure:3671: $? = 0
configure:3693: result: 
configure:3699: checking for suffix of object files
configure:3721: sh4-linux-gcc -c -g -O2  -DPLATFORM_SPARK -I/home/pinky/Desktop/testing/Edision/pingulux-git/tdt/cvs/driver/include -I /home/pinky/Desktop/testing/Edision/pingulux-git/tdt/cvs/cdk/linux-sh4-2.6.23.17_stm23_0123/include conftest.c >&5
configure:3725: $? = 0
configure:3746: result: o
configure:3750: checking whether we are using the GNU C compiler
configure:3769: sh4-linux-gcc -c -g -O2  -DPLATFORM_SPARK -I/home/pinky/Desktop/testing/Edision/pingulux-git/tdt/cvs/driver/include -I /home/pinky/Desktop/testing/Edision/pingulux-git/tdt/cvs/cdk/linux-sh4-2.6.23.17_stm23_0123/include conftest.c >&5
configure:3769: $? = 0
configure:3778: result: yes
configure:3787: checking whether sh4-linux-gcc accepts -g
configure:3807: sh4-linux-gcc -c -g  -DPLATFORM_SPARK -I/home/pinky/Desktop/testing/Edision/pingulux-git/tdt/cvs/driver/include -I /home/pinky/Desktop/testing/Edision/pingulux-git/tdt/cvs/cdk/linux-sh4-2.6.23.17_stm23_0123/include conftest.c >&5
configure:3807: $? = 0
configure:3848: result: yes
configure:3865: checking for sh4-linux-gcc option to accept ISO C89
configure:3929: sh4-linux-gcc  -c -g -O2  -DPLATFORM_SPARK -I/home/pinky/Desktop/testing/Edision/pingulux-git/tdt/cvs/driver/include -I /home/pinky/Desktop/testing/Edision/pingulux-git/tdt/cvs/cdk/linux-sh4-2.6.23.17_stm23_0123/include conftest.c >&5
configure:3929: $? = 0
configure:3942: result: none needed
configure:3964: checking dependency style of sh4-linux-gcc
configure:4074: result: gcc3
configure:4095: checking how to run the C preprocessor
configure:4126: sh4-linux-gcc -E  -DPLATFORM_SPARK -I/home/pinky/Desktop/testing/Edision/pingulux-git/tdt/cvs/driver/include -I /home/pinky/Desktop/testing/Edision/pingulux-git/tdt/cvs/cdk/linux-sh4-2.6.23.17_stm23_0123/include conftest.c
configure:4126: $? = 0
configure:4140: sh4-linux-gcc -E  -DPLATFORM_SPARK -I/home/pinky/Desktop/testing/Edision/pingulux-git/tdt/cvs/driver/include -I /home/pinky/Desktop/testing/Edision/pingulux-git/tdt/cvs/cdk/linux-sh4-2.6.23.17_stm23_0123/include conftest.c
conftest.c:9:28: error: ac_nonexistent.h: No such file or directory
configure:4140: $? = 1
configure: failed program was:
| /* confdefs.h */
| #define PACKAGE_NAME "enigma2"
| #define PACKAGE_TARNAME "enigma2"
| #define PACKAGE_VERSION "3.0.0"
| #define PACKAGE_STRING "enigma2 3.0.0"
| #define PACKAGE_BUGREPORT "enigma2-devel@lists.elitedvb.net"
| #define PACKAGE_URL ""
| /* end confdefs.h.  */
| #include <ac_nonexistent.h>
configure:4165: result: sh4-linux-gcc -E
configure:4185: sh4-linux-gcc -E  -DPLATFORM_SPARK -I/home/pinky/Desktop/testing/Edision/pingulux-git/tdt/cvs/driver/include -I /home/pinky/Desktop/testing/Edision/pingulux-git/tdt/cvs/cdk/linux-sh4-2.6.23.17_stm23_0123/include conftest.c
configure:4185: $? = 0
configure:4199: sh4-linux-gcc -E  -DPLATFORM_SPARK -I/home/pinky/Desktop/testing/Edision/pingulux-git/tdt/cvs/driver/include -I /home/pinky/Desktop/testing/Edision/pingulux-git/tdt/cvs/cdk/linux-sh4-2.6.23.17_stm23_0123/include conftest.c
conftest.c:9:28: error: ac_nonexistent.h: No such file or directory
configure:4199: $? = 1
configure: failed program was:
| /* confdefs.h */
| #define PACKAGE_NAME "enigma2"
| #define PACKAGE_TARNAME "enigma2"
| #define PACKAGE_VERSION "3.0.0"
| #define PACKAGE_STRING "enigma2 3.0.0"
| #define PACKAGE_BUGREPORT "enigma2-devel@lists.elitedvb.net"
| #define PACKAGE_URL ""
| /* end confdefs.h.  */
| #include <ac_nonexistent.h>
configure:4228: checking for grep that handles long lines and -e
configure:4286: result: /bin/grep
configure:4291: checking for egrep
configure:4353: result: /bin/grep -E
configure:4358: checking for ANSI C header files
configure:4378: sh4-linux-gcc -c -g -O2  -DPLATFORM_SPARK -I/home/pinky/Desktop/testing/Edision/pingulux-git/tdt/cvs/driver/include -I /home/pinky/Desktop/testing/Edision/pingulux-git/tdt/cvs/cdk/linux-sh4-2.6.23.17_stm23_0123/include conftest.c >&5
configure:4378: $? = 0
configure:4462: result: yes
configure:4475: checking for sys/types.h
configure:4475: sh4-linux-gcc -c -g -O2  -DPLATFORM_SPARK -I/home/pinky/Desktop/testing/Edision/pingulux-git/tdt/cvs/driver/include -I /home/pinky/Desktop/testing/Edision/pingulux-git/tdt/cvs/cdk/linux-sh4-2.6.23.17_stm23_0123/include conftest.c >&5
configure:4475: $? = 0
configure:4475: result: yes
configure:4475: checking for sys/stat.h
configure:4475: sh4-linux-gcc -c -g -O2  -DPLATFORM_SPARK -I/home/pinky/Desktop/testing/Edision/pingulux-git/tdt/cvs/driver/include -I /home/pinky/Desktop/testing/Edision/pingulux-git/tdt/cvs/cdk/linux-sh4-2.6.23.17_stm23_0123/include conftest.c >&5
configure:4475: $? = 0
configure:4475: result: yes
configure:4475: checking for stdlib.h
configure:4475: sh4-linux-gcc -c -g -O2  -DPLATFORM_SPARK -I/home/pinky/Desktop/testing/Edision/pingulux-git/tdt/cvs/driver/include -I /home/pinky/Desktop/testing/Edision/pingulux-git/tdt/cvs/cdk/linux-sh4-2.6.23.17_stm23_0123/include conftest.c >&5
configure:4475: $? = 0
configure:4475: result: yes
configure:4475: checking for string.h
configure:4475: sh4-linux-gcc -c -g -O2  -DPLATFORM_SPARK -I/home/pinky/Desktop/testing/Edision/pingulux-git/tdt/cvs/driver/include -I /home/pinky/Desktop/testing/Edision/pingulux-git/tdt/cvs/cdk/linux-sh4-2.6.23.17_stm23_0123/include conftest.c >&5
configure:4475: $? = 0
configure:4475: result: yes
configure:4475: checking for memory.h
configure:4475: sh4-linux-gcc -c -g -O2  -DPLATFORM_SPARK -I/home/pinky/Desktop/testing/Edision/pingulux-git/tdt/cvs/driver/include -I /home/pinky/Desktop/testing/Edision/pingulux-git/tdt/cvs/cdk/linux-sh4-2.6.23.17_stm23_0123/include conftest.c >&5
configure:4475: $? = 0
configure:4475: result: yes
configure:4475: checking for strings.h
configure:4475: sh4-linux-gcc -c -g -O2  -DPLATFORM_SPARK -I/home/pinky/Desktop/testing/Edision/pingulux-git/tdt/cvs/driver/include -I /home/pinky/Desktop/testing/Edision/pingulux-git/tdt/cvs/cdk/linux-sh4-2.6.23.17_stm23_0123/include conftest.c >&5
configure:4475: $? = 0
configure:4475: result: yes
configure:4475: checking for inttypes.h
configure:4475: sh4-linux-gcc -c -g -O2  -DPLATFORM_SPARK -I/home/pinky/Desktop/testing/Edision/pingulux-git/tdt/cvs/driver/include -I /home/pinky/Desktop/testing/Edision/pingulux-git/tdt/cvs/cdk/linux-sh4-2.6.23.17_stm23_0123/include conftest.c >&5
configure:4475: $? = 0
configure:4475: result: yes
configure:4475: checking for stdint.h
configure:4475: sh4-linux-gcc -c -g -O2  -DPLATFORM_SPARK -I/home/pinky/Desktop/testing/Edision/pingulux-git/tdt/cvs/driver/include -I /home/pinky/Desktop/testing/Edision/pingulux-git/tdt/cvs/cdk/linux-sh4-2.6.23.17_stm23_0123/include conftest.c >&5
configure:4475: $? = 0
configure:4475: result: yes
configure:4475: checking for unistd.h
configure:4475: sh4-linux-gcc -c -g -O2  -DPLATFORM_SPARK -I/home/pinky/Desktop/testing/Edision/pingulux-git/tdt/cvs/driver/include -I /home/pinky/Desktop/testing/Edision/pingulux-git/tdt/cvs/cdk/linux-sh4-2.6.23.17_stm23_0123/include conftest.c >&5
configure:4475: $? = 0
configure:4475: result: yes
configure:4489: checking minix/config.h usability
configure:4489: sh4-linux-gcc -c -g -O2  -DPLATFORM_SPARK -I/home/pinky/Desktop/testing/Edision/pingulux-git/tdt/cvs/driver/include -I /home/pinky/Desktop/testing/Edision/pingulux-git/tdt/cvs/cdk/linux-sh4-2.6.23.17_stm23_0123/include conftest.c >&5
conftest.c:52:26: error: minix/config.h: No such file or directory
configure:4489: $? = 1
configure: failed program was:
| /* confdefs.h */
| #define PACKAGE_NAME "enigma2"
| #define PACKAGE_TARNAME "enigma2"
| #define PACKAGE_VERSION "3.0.0"
| #define PACKAGE_STRING "enigma2 3.0.0"
| #define PACKAGE_BUGREPORT "enigma2-devel@lists.elitedvb.net"
| #define PACKAGE_URL ""
| #define STDC_HEADERS 1
| #define HAVE_SYS_TYPES_H 1
| #define HAVE_SYS_STAT_H 1
| #define HAVE_STDLIB_H 1
| #define HAVE_STRING_H 1
| #define HAVE_MEMORY_H 1
| #define HAVE_STRINGS_H 1
| #define HAVE_INTTYPES_H 1
| #define HAVE_STDINT_H 1
| #define HAVE_UNISTD_H 1
| /* end confdefs.h.  */
| #include <stdio.h>
| #ifdef HAVE_SYS_TYPES_H
| # include <sys/types.h>
| #endif
| #ifdef HAVE_SYS_STAT_H
| # include <sys/stat.h>
| #endif
| #ifdef STDC_HEADERS
| # include <stdlib.h>
| # include <stddef.h>
| #else
| # ifdef HAVE_STDLIB_H
| #  include <stdlib.h>
| # endif
| #endif
| #ifdef HAVE_STRING_H
| # if !defined STDC_HEADERS && defined HAVE_MEMORY_H
| #  include <memory.h>
| # endif
| # include <string.h>
| #endif
| #ifdef HAVE_STRINGS_H
| # include <strings.h>
| #endif
| #ifdef HAVE_INTTYPES_H
| # include <inttypes.h>
| #endif
| #ifdef HAVE_STDINT_H
| # include <stdint.h>
| #endif
| #ifdef HAVE_UNISTD_H
| # include <unistd.h>
| #endif
| #include <minix/config.h>
configure:4489: result: no
configure:4489: checking minix/config.h presence
configure:4489: sh4-linux-gcc -E  -DPLATFORM_SPARK -I/home/pinky/Desktop/testing/Edision/pingulux-git/tdt/cvs/driver/include -I /home/pinky/Desktop/testing/Edision/pingulux-git/tdt/cvs/cdk/linux-sh4-2.6.23.17_stm23_0123/include conftest.c
conftest.c:19:26: error: minix/config.h: No such file or directory
configure:4489: $? = 1
configure: failed program was:
| /* confdefs.h */
| #define PACKAGE_NAME "enigma2"
| #define PACKAGE_TARNAME "enigma2"
| #define PACKAGE_VERSION "3.0.0"
| #define PACKAGE_STRING "enigma2 3.0.0"
| #define PACKAGE_BUGREPORT "enigma2-devel@lists.elitedvb.net"
| #define PACKAGE_URL ""
| #define STDC_HEADERS 1
| #define HAVE_SYS_TYPES_H 1
| #define HAVE_SYS_STAT_H 1
| #define HAVE_STDLIB_H 1
| #define HAVE_STRING_H 1
| #define HAVE_MEMORY_H 1
| #define HAVE_STRINGS_H 1
| #define HAVE_INTTYPES_H 1
| #define HAVE_STDINT_H 1
| #define HAVE_UNISTD_H 1
| /* end confdefs.h.  */
| #include <minix/config.h>
configure:4489: result: no
configure:4489: checking for minix/config.h
configure:4489: result: no
configure:4510: checking whether it is safe to define __EXTENSIONS__
configure:4528: sh4-linux-gcc -c -g -O2  -DPLATFORM_SPARK -I/home/pinky/Desktop/testing/Edision/pingulux-git/tdt/cvs/driver/include -I /home/pinky/Desktop/testing/Edision/pingulux-git/tdt/cvs/cdk/linux-sh4-2.6.23.17_stm23_0123/include conftest.c >&5
configure:4528: $? = 0
configure:4535: result: yes
configure:4556: checking for special C compiler options needed for large files
configure:4601: result: no
configure:4607: checking for _FILE_OFFSET_BITS value needed for large files
configure:4632: sh4-linux-gcc -c -g -O2  -DPLATFORM_SPARK -I/home/pinky/Desktop/testing/Edision/pingulux-git/tdt/cvs/driver/include -I /home/pinky/Desktop/testing/Edision/pingulux-git/tdt/cvs/cdk/linux-sh4-2.6.23.17_stm23_0123/include conftest.c >&5
conftest.c:30: warning: left shift count >= width of type
conftest.c:30: warning: left shift count >= width of type
conftest.c:32: error: size of array 'off_t_is_large' is negative
configure:4632: $? = 1
configure: failed program was:
| /* confdefs.h */
| #define PACKAGE_NAME "enigma2"
| #define PACKAGE_TARNAME "enigma2"
| #define PACKAGE_VERSION "3.0.0"
| #define PACKAGE_STRING "enigma2 3.0.0"
| #define PACKAGE_BUGREPORT "enigma2-devel@lists.elitedvb.net"
| #define PACKAGE_URL ""
| #define STDC_HEADERS 1
| #define HAVE_SYS_TYPES_H 1
| #define HAVE_SYS_STAT_H 1
| #define HAVE_STDLIB_H 1
| #define HAVE_STRING_H 1
| #define HAVE_MEMORY_H 1
| #define HAVE_STRINGS_H 1
| #define HAVE_INTTYPES_H 1
| #define HAVE_STDINT_H 1
| #define HAVE_UNISTD_H 1
| #define __EXTENSIONS__ 1
| #define _ALL_SOURCE 1
| #define _GNU_SOURCE 1
| #define _POSIX_PTHREAD_SEMANTICS 1
| #define _TANDEM_SOURCE 1
| /* end confdefs.h.  */
| #include <sys/types.h>
|  /* Check that off_t can represent 2**63 - 1 correctly.
|     We can't simply define LARGE_OFF_T to be 9223372036854775807,
|     since some C++ compilers masquerading as C compilers
|     incorrectly reject 9223372036854775807.  */
| #define LARGE_OFF_T (((off_t) 1 << 62) - 1 + ((off_t) 1 << 62))
|   int off_t_is_large[(LARGE_OFF_T % 2147483629 == 721
| 		       && LARGE_OFF_T % 2147483647 == 1)
| 		      ? 1 : -1];
| int
| main ()
| {
| 
|   ;
|   return 0;
| }
configure:4656: sh4-linux-gcc -c -g -O2  -DPLATFORM_SPARK -I/home/pinky/Desktop/testing/Edision/pingulux-git/tdt/cvs/driver/include -I /home/pinky/Desktop/testing/Edision/pingulux-git/tdt/cvs/cdk/linux-sh4-2.6.23.17_stm23_0123/include conftest.c >&5
configure:4656: $? = 0
configure:4664: result: 64
configure:4756: checking for sh4-linux-gcc
configure:4783: result: sh4-linux-gcc
configure:5052: checking for C compiler version
configure:5061: sh4-linux-gcc --version >&5
sh4-linux-gcc (STMicroelectronics/Linux Base) 4.3.4 20091123
Copyright (C) 2008 Free Software Foundation, Inc.
This is free software; see the source for copying conditions.  There is NO
warranty; not even for MERCHANTABILITY or FITNESS FOR A PARTICULAR PURPOSE.

configure:5072: $? = 0
configure:5061: sh4-linux-gcc -v >&5
Using built-in specs.
Target: sh4-linux
Configured with: ../configure --target=sh4-linux --prefix=/home/pinky/Desktop/testing/Edision/pingulux-git/tdt/tufsbox/devkit/sh4 --exec-prefix=/home/pinky/Desktop/testing/Edision/pingulux-git/tdt/tufsbox/devkit/sh4 --bindir=/home/pinky/Desktop/testing/Edision/pingulux-git/tdt/tufsbox/devkit/sh4/bin --sbindir=/home/pinky/Desktop/testing/Edision/pingulux-git/tdt/tufsbox/devkit/sh4/sbin --sysconfdir=/home/pinky/Desktop/testing/Edision/pingulux-git/tdt/tufsbox/devkit/sh4/etc --datadir=/home/pinky/Desktop/testing/Edision/pingulux-git/tdt/tufsbox/devkit/sh4/share --includedir=/home/pinky/Desktop/testing/Edision/pingulux-git/tdt/tufsbox/devkit/sh4/include --libdir=/home/pinky/Desktop/testing/Edision/pingulux-git/tdt/tufsbox/devkit/sh4/lib --libexecdir=/home/pinky/Desktop/testing/Edision/pingulux-git/tdt/tufsbox/devkit/sh4/libexec --localstatedir=/home/pinky/Desktop/testing/Edision/pingulux-git/tdt/tufsbox/devkit/sh4/var --sharedstatedir=/home/pinky/Desktop/testing/Edision/pingulux-git/tdt/tufsbox/devkit/sh4/share --mandir=/home/pinky/Desktop/testing/Edision/pingulux-git/tdt/tufsbox/devkit/sh4/man --infodir=/home/pinky/Desktop/testing/Edision/pingulux-git/tdt/tufsbox/devkit/sh4/info --disable-checking --program-prefix=sh4-linux- --with-local-prefix=/home/pinky/Desktop/testing/Edision/pingulux-git/tdt/tufsbox/devkit/sh4 --with-sysroot=/home/pinky/Desktop/testing/Edision/pingulux-git/tdt/tufsbox/cdkroot --enable-languages=c,c++ --enable-threads=posix --enable-nls --enable-c99 --enable-long-long --with-system-zlib --enable-shared --disable-libgomp --enable-multilib --with-multilib-list=m4,m4-nofpu --enable-symvers=gnu --with-gmp=/home/pinky/Desktop/testing/Edision/pingulux-git/tdt/tufsbox/devkit/sh4 --with-mpfr=/home/pinky/Desktop/testing/Edision/pingulux-git/tdt/tufsbox/devkit/sh4 --with-gxx-include-dir='${prefix}/../../cdkroot/usr/include/c++/4.3.4' --enable-__cxa_atexit
Thread model: posix
gcc version 4.3.4 20091123 (STMicroelectronics/Linux Base) 
configure:5072: $? = 0
configure:5061: sh4-linux-gcc -V >&5
sh4-linux-gcc: '-V' option must have argument
configure:5072: $? = 1
configure:5061: sh4-linux-gcc -qversion >&5
sh4-linux-gcc: unrecognized option '-qversion'
sh4-linux-gcc: no input files
configure:5072: $? = 1
configure:5076: checking whether we are using the GNU C compiler
configure:5104: result: yes
configure:5113: checking whether sh4-linux-gcc accepts -g
configure:5174: result: yes
configure:5191: checking for sh4-linux-gcc option to accept ISO C89
configure:5268: result: none needed
configure:5290: checking dependency style of sh4-linux-gcc
configure:5400: result: gcc3
configure:5429: checking for sh4-linux-g++
configure:5445: found /home/pinky/Desktop/testing/Edision/pingulux-git/tdt/tufsbox/host/ccache-bin/sh4-linux-g++
configure:5456: result: sh4-linux-g++
configure:5527: checking for C++ compiler version
configure:5536: sh4-linux-g++ --version >&5
sh4-linux-g++ (STMicroelectronics/Linux Base) 4.3.4 20091123
Copyright (C) 2008 Free Software Foundation, Inc.
This is free software; see the source for copying conditions.  There is NO
warranty; not even for MERCHANTABILITY or FITNESS FOR A PARTICULAR PURPOSE.

configure:5547: $? = 0
configure:5536: sh4-linux-g++ -v >&5
Using built-in specs.
Target: sh4-linux
Configured with: ../configure --target=sh4-linux --prefix=/home/pinky/Desktop/testing/Edision/pingulux-git/tdt/tufsbox/devkit/sh4 --exec-prefix=/home/pinky/Desktop/testing/Edision/pingulux-git/tdt/tufsbox/devkit/sh4 --bindir=/home/pinky/Desktop/testing/Edision/pingulux-git/tdt/tufsbox/devkit/sh4/bin --sbindir=/home/pinky/Desktop/testing/Edision/pingulux-git/tdt/tufsbox/devkit/sh4/sbin --sysconfdir=/home/pinky/Desktop/testing/Edision/pingulux-git/tdt/tufsbox/devkit/sh4/etc --datadir=/home/pinky/Desktop/testing/Edision/pingulux-git/tdt/tufsbox/devkit/sh4/share --includedir=/home/pinky/Desktop/testing/Edision/pingulux-git/tdt/tufsbox/devkit/sh4/include --libdir=/home/pinky/Desktop/testing/Edision/pingulux-git/tdt/tufsbox/devkit/sh4/lib --libexecdir=/home/pinky/Desktop/testing/Edision/pingulux-git/tdt/tufsbox/devkit/sh4/libexec --localstatedir=/home/pinky/Desktop/testing/Edision/pingulux-git/tdt/tufsbox/devkit/sh4/var --sharedstatedir=/home/pinky/Desktop/testing/Edision/pingulux-git/tdt/tufsbox/devkit/sh4/share --mandir=/home/pinky/Desktop/testing/Edision/pingulux-git/tdt/tufsbox/devkit/sh4/man --infodir=/home/pinky/Desktop/testing/Edision/pingulux-git/tdt/tufsbox/devkit/sh4/info --disable-checking --program-prefix=sh4-linux- --with-local-prefix=/home/pinky/Desktop/testing/Edision/pingulux-git/tdt/tufsbox/devkit/sh4 --with-sysroot=/home/pinky/Desktop/testing/Edision/pingulux-git/tdt/tufsbox/cdkroot --enable-languages=c,c++ --enable-threads=posix --enable-nls --enable-c99 --enable-long-long --with-system-zlib --enable-shared --disable-libgomp --enable-multilib --with-multilib-list=m4,m4-nofpu --enable-symvers=gnu --with-gmp=/home/pinky/Desktop/testing/Edision/pingulux-git/tdt/tufsbox/devkit/sh4 --with-mpfr=/home/pinky/Desktop/testing/Edision/pingulux-git/tdt/tufsbox/devkit/sh4 --with-gxx-include-dir='${prefix}/../../cdkroot/usr/include/c++/4.3.4' --enable-__cxa_atexit
Thread model: posix
gcc version 4.3.4 20091123 (STMicroelectronics/Linux Base) 
configure:5547: $? = 0
configure:5536: sh4-linux-g++ -V >&5
sh4-linux-g++: '-V' option must have argument
configure:5547: $? = 1
configure:5536: sh4-linux-g++ -qversion >&5
sh4-linux-g++: unrecognized option '-qversion'
sh4-linux-g++: no input files
configure:5547: $? = 1
configure:5551: checking whether we are using the GNU C++ compiler
configure:5570: sh4-linux-g++ -c -g -O2  -DPLATFORM_SPARK -I/home/pinky/Desktop/testing/Edision/pingulux-git/tdt/cvs/driver/include -I /home/pinky/Desktop/testing/Edision/pingulux-git/tdt/cvs/cdk/linux-sh4-2.6.23.17_stm23_0123/include conftest.cpp >&5
configure:5570: $? = 0
configure:5579: result: yes
configure:5588: checking whether sh4-linux-g++ accepts -g
configure:5608: sh4-linux-g++ -c -g  -DPLATFORM_SPARK -I/home/pinky/Desktop/testing/Edision/pingulux-git/tdt/cvs/driver/include -I /home/pinky/Desktop/testing/Edision/pingulux-git/tdt/cvs/cdk/linux-sh4-2.6.23.17_stm23_0123/include conftest.cpp >&5
configure:5608: $? = 0
configure:5649: result: yes
configure:5674: checking dependency style of sh4-linux-g++
configure:5784: result: gcc3
configure:5828: checking build system type
configure:5842: result: x86_64-unknown-linux-gnu
configure:5862: checking host system type
configure:5875: result: sh4-unknown-linux-gnu
configure:5895: checking for a sed that does not truncate output
configure:5959: result: /bin/sed
configure:5977: checking for fgrep
configure:6039: result: /bin/grep -F
configure:6074: checking for ld used by sh4-linux-gcc
configure:6141: result: /home/pinky/Desktop/testing/Edision/pingulux-git/tdt/tufsbox/devkit/sh4/sh4-linux/bin/ld
configure:6148: checking if the linker (/home/pinky/Desktop/testing/Edision/pingulux-git/tdt/tufsbox/devkit/sh4/sh4-linux/bin/ld) is GNU ld
configure:6163: result: yes
configure:6175: checking for BSD- or MS-compatible name lister (nm)
configure:6224: result: /home/pinky/Desktop/testing/Edision/pingulux-git/tdt/tufsbox/devkit/sh4/bin/sh4-linux-nm -B
configure:6342: checking the name lister (/home/pinky/Desktop/testing/Edision/pingulux-git/tdt/tufsbox/devkit/sh4/bin/sh4-linux-nm -B) interface
configure:6349: sh4-linux-gcc -c -g -O2  -DPLATFORM_SPARK -I/home/pinky/Desktop/testing/Edision/pingulux-git/tdt/cvs/driver/include -I /home/pinky/Desktop/testing/Edision/pingulux-git/tdt/cvs/cdk/linux-sh4-2.6.23.17_stm23_0123/include conftest.c >&5
configure:6352: /home/pinky/Desktop/testing/Edision/pingulux-git/tdt/tufsbox/devkit/sh4/bin/sh4-linux-nm -B "conftest.o"
configure:6355: output
00000000 B some_variable
configure:6362: result: BSD nm
configure:6365: checking whether ln -s works
configure:6369: result: yes
configure:6377: checking the maximum length of command line arguments
configure:6497: result: 3458764513820540925
configure:6514: checking whether the shell understands some XSI constructs
configure:6524: result: yes
configure:6528: checking whether the shell understands "+="
configure:6534: result: yes
configure:6569: checking for /home/pinky/Desktop/testing/Edision/pingulux-git/tdt/tufsbox/devkit/sh4/sh4-linux/bin/ld option to reload object files
configure:6576: result: -r
configure:6605: checking for sh4-linux-objdump
configure:6621: found /home/pinky/Desktop/testing/Edision/pingulux-git/tdt/tufsbox/devkit/sh4/bin/sh4-linux-objdump
configure:6632: result: sh4-linux-objdump
configure:6704: checking how to recognize dependent libraries
configure:6900: result: pass_all
configure:6920: checking for sh4-linux-ar
configure:6936: found /home/pinky/Desktop/testing/Edision/pingulux-git/tdt/tufsbox/devkit/sh4/bin/sh4-linux-ar
configure:6947: result: sh4-linux-ar
configure:7025: checking for sh4-linux-strip
configure:7052: result: sh4-linux-strip
configure:7124: checking for sh4-linux-ranlib
configure:7140: found /home/pinky/Desktop/testing/Edision/pingulux-git/tdt/tufsbox/devkit/sh4/bin/sh4-linux-ranlib
configure:7151: result: sh4-linux-ranlib
configure:7281: checking command to parse /home/pinky/Desktop/testing/Edision/pingulux-git/tdt/tufsbox/devkit/sh4/bin/sh4-linux-nm -B output from sh4-linux-gcc object
configure:7399: sh4-linux-gcc -c -g -O2  -DPLATFORM_SPARK -I/home/pinky/Desktop/testing/Edision/pingulux-git/tdt/cvs/driver/include -I /home/pinky/Desktop/testing/Edision/pingulux-git/tdt/cvs/cdk/linux-sh4-2.6.23.17_stm23_0123/include conftest.c >&5
configure:7402: $? = 0
configure:7406: /home/pinky/Desktop/testing/Edision/pingulux-git/tdt/tufsbox/devkit/sh4/bin/sh4-linux-nm -B conftest.o \| sed -n -e 's/^.*[	 ]\([ABCDGIRSTW][ABCDGIRSTW]*\)[	 ][	 ]*\([_A-Za-z][_A-Za-z0-9]*\)$/\1 \2 \2/p' \> conftest.nm
configure:7409: $? = 0
configure:7463: sh4-linux-gcc -o conftest -g -O2  -DPLATFORM_SPARK -I/home/pinky/Desktop/testing/Edision/pingulux-git/tdt/cvs/driver/include -I /home/pinky/Desktop/testing/Edision/pingulux-git/tdt/cvs/cdk/linux-sh4-2.6.23.17_stm23_0123/include  conftest.c conftstm.o >&5
configure:7466: $? = 0
configure:7504: result: ok
configure:8309: checking for dlfcn.h
configure:8309: sh4-linux-gcc -c -g -O2  -DPLATFORM_SPARK -I/home/pinky/Desktop/testing/Edision/pingulux-git/tdt/cvs/driver/include -I /home/pinky/Desktop/testing/Edision/pingulux-git/tdt/cvs/cdk/linux-sh4-2.6.23.17_stm23_0123/include conftest.c >&5
configure:8309: $? = 0
configure:8309: result: yes
configure:8434: checking for C++ compiler version
configure:8443: sh4-linux-g++ --version >&5
sh4-linux-g++ (STMicroelectronics/Linux Base) 4.3.4 20091123
Copyright (C) 2008 Free Software Foundation, Inc.
This is free software; see the source for copying conditions.  There is NO
warranty; not even for MERCHANTABILITY or FITNESS FOR A PARTICULAR PURPOSE.

configure:8454: $? = 0
configure:8443: sh4-linux-g++ -v >&5
Using built-in specs.
Target: sh4-linux
Configured with: ../configure --target=sh4-linux --prefix=/home/pinky/Desktop/testing/Edision/pingulux-git/tdt/tufsbox/devkit/sh4 --exec-prefix=/home/pinky/Desktop/testing/Edision/pingulux-git/tdt/tufsbox/devkit/sh4 --bindir=/home/pinky/Desktop/testing/Edision/pingulux-git/tdt/tufsbox/devkit/sh4/bin --sbindir=/home/pinky/Desktop/testing/Edision/pingulux-git/tdt/tufsbox/devkit/sh4/sbin --sysconfdir=/home/pinky/Desktop/testing/Edision/pingulux-git/tdt/tufsbox/devkit/sh4/etc --datadir=/home/pinky/Desktop/testing/Edision/pingulux-git/tdt/tufsbox/devkit/sh4/share --includedir=/home/pinky/Desktop/testing/Edision/pingulux-git/tdt/tufsbox/devkit/sh4/include --libdir=/home/pinky/Desktop/testing/Edision/pingulux-git/tdt/tufsbox/devkit/sh4/lib --libexecdir=/home/pinky/Desktop/testing/Edision/pingulux-git/tdt/tufsbox/devkit/sh4/libexec --localstatedir=/home/pinky/Desktop/testing/Edision/pingulux-git/tdt/tufsbox/devkit/sh4/var --sharedstatedir=/home/pinky/Desktop/testing/Edision/pingulux-git/tdt/tufsbox/devkit/sh4/share --mandir=/home/pinky/Desktop/testing/Edision/pingulux-git/tdt/tufsbox/devkit/sh4/man --infodir=/home/pinky/Desktop/testing/Edision/pingulux-git/tdt/tufsbox/devkit/sh4/info --disable-checking --program-prefix=sh4-linux- --with-local-prefix=/home/pinky/Desktop/testing/Edision/pingulux-git/tdt/tufsbox/devkit/sh4 --with-sysroot=/home/pinky/Desktop/testing/Edision/pingulux-git/tdt/tufsbox/cdkroot --enable-languages=c,c++ --enable-threads=posix --enable-nls --enable-c99 --enable-long-long --with-system-zlib --enable-shared --disable-libgomp --enable-multilib --with-multilib-list=m4,m4-nofpu --enable-symvers=gnu --with-gmp=/home/pinky/Desktop/testing/Edision/pingulux-git/tdt/tufsbox/devkit/sh4 --with-mpfr=/home/pinky/Desktop/testing/Edision/pingulux-git/tdt/tufsbox/devkit/sh4 --with-gxx-include-dir='${prefix}/../../cdkroot/usr/include/c++/4.3.4' --enable-__cxa_atexit
Thread model: posix
gcc version 4.3.4 20091123 (STMicroelectronics/Linux Base) 
configure:8454: $? = 0
configure:8443: sh4-linux-g++ -V >&5
sh4-linux-g++: '-V' option must have argument
configure:8454: $? = 1
configure:8443: sh4-linux-g++ -qversion >&5
sh4-linux-g++: unrecognized option '-qversion'
sh4-linux-g++: no input files
configure:8454: $? = 1
configure:8458: checking whether we are using the GNU C++ compiler
configure:8486: result: yes
configure:8495: checking whether sh4-linux-g++ accepts -g
configure:8556: result: yes
configure:8581: checking dependency style of sh4-linux-g++
configure:8691: result: gcc3
configure:8714: checking how to run the C++ preprocessor
configure:8741: sh4-linux-g++ -E  -DPLATFORM_SPARK -I/home/pinky/Desktop/testing/Edision/pingulux-git/tdt/cvs/driver/include -I /home/pinky/Desktop/testing/Edision/pingulux-git/tdt/cvs/cdk/linux-sh4-2.6.23.17_stm23_0123/include conftest.cpp
configure:8741: $? = 0
configure:8755: sh4-linux-g++ -E  -DPLATFORM_SPARK -I/home/pinky/Desktop/testing/Edision/pingulux-git/tdt/cvs/driver/include -I /home/pinky/Desktop/testing/Edision/pingulux-git/tdt/cvs/cdk/linux-sh4-2.6.23.17_stm23_0123/include conftest.cpp
conftest.cpp:26:28: error: ac_nonexistent.h: No such file or directory
configure:8755: $? = 1
configure: failed program was:
| /* confdefs.h */
| #define PACKAGE_NAME "enigma2"
| #define PACKAGE_TARNAME "enigma2"
| #define PACKAGE_VERSION "3.0.0"
| #define PACKAGE_STRING "enigma2 3.0.0"
| #define PACKAGE_BUGREPORT "enigma2-devel@lists.elitedvb.net"
| #define PACKAGE_URL ""
| #define STDC_HEADERS 1
| #define HAVE_SYS_TYPES_H 1
| #define HAVE_SYS_STAT_H 1
| #define HAVE_STDLIB_H 1
| #define HAVE_STRING_H 1
| #define HAVE_MEMORY_H 1
| #define HAVE_STRINGS_H 1
| #define HAVE_INTTYPES_H 1
| #define HAVE_STDINT_H 1
| #define HAVE_UNISTD_H 1
| #define __EXTENSIONS__ 1
| #define _ALL_SOURCE 1
| #define _GNU_SOURCE 1
| #define _POSIX_PTHREAD_SEMANTICS 1
| #define _TANDEM_SOURCE 1
| #define _FILE_OFFSET_BITS 64
| #define HAVE_DLFCN_H 1
| /* end confdefs.h.  */
| #include <ac_nonexistent.h>
configure:8780: result: sh4-linux-g++ -E
configure:8800: sh4-linux-g++ -E  -DPLATFORM_SPARK -I/home/pinky/Desktop/testing/Edision/pingulux-git/tdt/cvs/driver/include -I /home/pinky/Desktop/testing/Edision/pingulux-git/tdt/cvs/cdk/linux-sh4-2.6.23.17_stm23_0123/include conftest.cpp
configure:8800: $? = 0
configure:8814: sh4-linux-g++ -E  -DPLATFORM_SPARK -I/home/pinky/Desktop/testing/Edision/pingulux-git/tdt/cvs/driver/include -I /home/pinky/Desktop/testing/Edision/pingulux-git/tdt/cvs/cdk/linux-sh4-2.6.23.17_stm23_0123/include conftest.cpp
conftest.cpp:26:28: error: ac_nonexistent.h: No such file or directory
configure:8814: $? = 1
configure: failed program was:
| /* confdefs.h */
| #define PACKAGE_NAME "enigma2"
| #define PACKAGE_TARNAME "enigma2"
| #define PACKAGE_VERSION "3.0.0"
| #define PACKAGE_STRING "enigma2 3.0.0"
| #define PACKAGE_BUGREPORT "enigma2-devel@lists.elitedvb.net"
| #define PACKAGE_URL ""
| #define STDC_HEADERS 1
| #define HAVE_SYS_TYPES_H 1
| #define HAVE_SYS_STAT_H 1
| #define HAVE_STDLIB_H 1
| #define HAVE_STRING_H 1
| #define HAVE_MEMORY_H 1
| #define HAVE_STRINGS_H 1
| #define HAVE_INTTYPES_H 1
| #define HAVE_STDINT_H 1
| #define HAVE_UNISTD_H 1
| #define __EXTENSIONS__ 1
| #define _ALL_SOURCE 1
| #define _GNU_SOURCE 1
| #define _POSIX_PTHREAD_SEMANTICS 1
| #define _TANDEM_SOURCE 1
| #define _FILE_OFFSET_BITS 64
| #define HAVE_DLFCN_H 1
| /* end confdefs.h.  */
| #include <ac_nonexistent.h>
configure:9020: checking for objdir
configure:9035: result: .libs
configure:9331: checking if sh4-linux-gcc supports -fno-rtti -fno-exceptions
configure:9349: sh4-linux-gcc -c -g -O2  -DPLATFORM_SPARK -I/home/pinky/Desktop/testing/Edision/pingulux-git/tdt/cvs/driver/include -I /home/pinky/Desktop/testing/Edision/pingulux-git/tdt/cvs/cdk/linux-sh4-2.6.23.17_stm23_0123/include -fno-rtti -fno-exceptions conftest.c >&5
cc1: warning: command line option "-fno-rtti" is valid for C++/ObjC++ but not for C
cc1: warning: command line option "-fno-rtti" is valid for C++/ObjC++ but not for C
configure:9353: $? = 0
configure:9366: result: no
configure:9386: checking for sh4-linux-gcc option to produce PIC
configure:9658: result: -fPIC -DPIC
configure:9670: checking if sh4-linux-gcc PIC flag -fPIC -DPIC works
configure:9688: sh4-linux-gcc -c -g -O2  -DPLATFORM_SPARK -I/home/pinky/Desktop/testing/Edision/pingulux-git/tdt/cvs/driver/include -I /home/pinky/Desktop/testing/Edision/pingulux-git/tdt/cvs/cdk/linux-sh4-2.6.23.17_stm23_0123/include -fPIC -DPIC -DPIC conftest.c >&5
configure:9692: $? = 0
configure:9705: result: yes
configure:9729: checking if sh4-linux-gcc static flag -static works
configure:9757: result: yes
configure:9772: checking if sh4-linux-gcc supports -c -o file.o
configure:9793: sh4-linux-gcc -c -g -O2  -DPLATFORM_SPARK -I/home/pinky/Desktop/testing/Edision/pingulux-git/tdt/cvs/driver/include -I /home/pinky/Desktop/testing/Edision/pingulux-git/tdt/cvs/cdk/linux-sh4-2.6.23.17_stm23_0123/include -o out/conftest2.o conftest.c >&5
configure:9797: $? = 0
configure:9819: result: yes
configure:9827: checking if sh4-linux-gcc supports -c -o file.o
configure:9874: result: yes
configure:9907: checking whether the sh4-linux-gcc linker (/home/pinky/Desktop/testing/Edision/pingulux-git/tdt/tufsbox/devkit/sh4/sh4-linux/bin/ld) supports shared libraries
configure:10897: result: yes
configure:10934: checking whether -lc should be explicitly linked in
configure:10939: sh4-linux-gcc -c -g -O2  -DPLATFORM_SPARK -I/home/pinky/Desktop/testing/Edision/pingulux-git/tdt/cvs/driver/include -I /home/pinky/Desktop/testing/Edision/pingulux-git/tdt/cvs/cdk/linux-sh4-2.6.23.17_stm23_0123/include conftest.c >&5
configure:10942: $? = 0
configure:10957: sh4-linux-gcc -shared conftest.o  -v -Wl,-soname -Wl,conftest -o conftest 2\>\&1 \| /bin/grep  -lc  \>/dev/null 2\>\&1
configure:10960: $? = 0
configure:10972: result: no
configure:11136: checking dynamic linker characteristics
configure:11569: sh4-linux-gcc -o conftest -g -O2  -DPLATFORM_SPARK -I/home/pinky/Desktop/testing/Edision/pingulux-git/tdt/cvs/driver/include -I /home/pinky/Desktop/testing/Edision/pingulux-git/tdt/cvs/cdk/linux-sh4-2.6.23.17_stm23_0123/include  -Wl,-rpath -Wl,/foo conftest.c  >&5
configure:11569: $? = 0
configure:11799: result: GNU/Linux ld.so
configure:11901: checking how to hardcode library paths into programs
configure:11926: result: immediate
configure:12446: checking whether stripping libraries is possible
configure:12451: result: yes
configure:12486: checking if libtool supports shared libraries
configure:12488: result: yes
configure:12491: checking whether to build shared libraries
configure:12512: result: yes
configure:12515: checking whether to build static libraries
configure:12519: result: yes
configure:12669: checking for ld used by sh4-linux-g++
configure:12736: result: /home/pinky/Desktop/testing/Edision/pingulux-git/tdt/tufsbox/devkit/sh4/sh4-linux/bin/ld
configure:12743: checking if the linker (/home/pinky/Desktop/testing/Edision/pingulux-git/tdt/tufsbox/devkit/sh4/sh4-linux/bin/ld) is GNU ld
configure:12758: result: yes
configure:12813: checking whether the sh4-linux-g++ linker (/home/pinky/Desktop/testing/Edision/pingulux-git/tdt/tufsbox/devkit/sh4/sh4-linux/bin/ld) supports shared libraries
configure:13726: result: yes
configure:13754: sh4-linux-g++ -c -g -O2  -DPLATFORM_SPARK -I/home/pinky/Desktop/testing/Edision/pingulux-git/tdt/cvs/driver/include -I /home/pinky/Desktop/testing/Edision/pingulux-git/tdt/cvs/cdk/linux-sh4-2.6.23.17_stm23_0123/include conftest.cpp >&5
configure:13757: $? = 0
configure:13939: checking for sh4-linux-g++ option to produce PIC
configure:14256: result: -fPIC -DPIC
configure:14265: checking if sh4-linux-g++ PIC flag -fPIC -DPIC works
configure:14283: sh4-linux-g++ -c -g -O2  -DPLATFORM_SPARK -I/home/pinky/Desktop/testing/Edision/pingulux-git/tdt/cvs/driver/include -I /home/pinky/Desktop/testing/Edision/pingulux-git/tdt/cvs/cdk/linux-sh4-2.6.23.17_stm23_0123/include -fPIC -DPIC -DPIC conftest.cpp >&5
configure:14287: $? = 0
configure:14300: result: yes
configure:14321: checking if sh4-linux-g++ static flag -static works
configure:14349: result: yes
configure:14361: checking if sh4-linux-g++ supports -c -o file.o
configure:14382: sh4-linux-g++ -c -g -O2  -DPLATFORM_SPARK -I/home/pinky/Desktop/testing/Edision/pingulux-git/tdt/cvs/driver/include -I /home/pinky/Desktop/testing/Edision/pingulux-git/tdt/cvs/cdk/linux-sh4-2.6.23.17_stm23_0123/include -o out/conftest2.o conftest.cpp >&5
configure:14386: $? = 0
configure:14408: result: yes
configure:14413: checking if sh4-linux-g++ supports -c -o file.o
configure:14460: result: yes
configure:14490: checking whether the sh4-linux-g++ linker (/home/pinky/Desktop/testing/Edision/pingulux-git/tdt/tufsbox/devkit/sh4/sh4-linux/bin/ld) supports shared libraries
configure:14519: result: yes
configure:14656: checking dynamic linker characteristics
configure:15037: sh4-linux-g++ -o conftest -g -O2  -DPLATFORM_SPARK -I/home/pinky/Desktop/testing/Edision/pingulux-git/tdt/cvs/driver/include -I /home/pinky/Desktop/testing/Edision/pingulux-git/tdt/cvs/cdk/linux-sh4-2.6.23.17_stm23_0123/include  -Wl,-rpath -Wl,/foo conftest.cpp  >&5
configure:15037: $? = 0
configure:15267: result: GNU/Linux ld.so
configure:15318: checking how to hardcode library paths into programs
configure:15343: result: immediate
configure:15406: checking dbox/fp.h usability
configure:15406: sh4-linux-gcc -c -g -O2  -DPLATFORM_SPARK -I/home/pinky/Desktop/testing/Edision/pingulux-git/tdt/cvs/driver/include -I /home/pinky/Desktop/testing/Edision/pingulux-git/tdt/cvs/cdk/linux-sh4-2.6.23.17_stm23_0123/include conftest.c >&5
configure:15406: $? = 0
configure:15406: result: yes
configure:15406: checking dbox/fp.h presence
configure:15406: sh4-linux-gcc -E  -DPLATFORM_SPARK -I/home/pinky/Desktop/testing/Edision/pingulux-git/tdt/cvs/driver/include -I /home/pinky/Desktop/testing/Edision/pingulux-git/tdt/cvs/cdk/linux-sh4-2.6.23.17_stm23_0123/include conftest.c
configure:15406: $? = 0
configure:15406: result: yes
configure:15406: checking for dbox/fp.h
configure:15406: result: yes
configure:15406: checking dbox/lcd-ks0713.h usability
configure:15406: sh4-linux-gcc -c -g -O2  -DPLATFORM_SPARK -I/home/pinky/Desktop/testing/Edision/pingulux-git/tdt/cvs/driver/include -I /home/pinky/Desktop/testing/Edision/pingulux-git/tdt/cvs/cdk/linux-sh4-2.6.23.17_stm23_0123/include conftest.c >&5
configure:15406: $? = 0
configure:15406: result: yes
configure:15406: checking dbox/lcd-ks0713.h presence
configure:15406: sh4-linux-gcc -E  -DPLATFORM_SPARK -I/home/pinky/Desktop/testing/Edision/pingulux-git/tdt/cvs/driver/include -I /home/pinky/Desktop/testing/Edision/pingulux-git/tdt/cvs/cdk/linux-sh4-2.6.23.17_stm23_0123/include conftest.c
configure:15406: $? = 0
configure:15406: result: yes
configure:15406: checking for dbox/lcd-ks0713.h
configure:15406: result: yes
configure:15420: checking for msgfmt
configure:15438: found /usr/bin/msgfmt
configure:15451: result: /usr/bin/msgfmt
configure:15470: checking for python
configure:15488: found /home/pinky/Desktop/testing/Edision/pingulux-git/tdt/tufsbox/devkit/sh4/bin/python
configure:15500: result: /home/pinky/Desktop/testing/Edision/pingulux-git/tdt/tufsbox/devkit/sh4/bin/python
configure:15521: checking for python version
configure:15528: result: 2.6
configure:15540: checking for python platform
configure:15547: result: linux2
configure:15554: checking for python script directory
configure:15575: result: ${prefix}/lib/python2.6/site-packages
configure:15584: checking for python extension module directory
configure:15605: result: ${exec_prefix}/lib/python2.6/site-packages
configure:15626: checking for python2.6
configure:15656: result: /home/pinky/Desktop/testing/Edision/pingulux-git/tdt/tufsbox/devkit/sh4/bin/python
configure:15672: checking for a version of Python >= '2.1.0'
configure:15698: result: yes
configure:15729: checking for the distutils Python package
configure:15733: result: yes
configure:15747: checking for Python include path
configure:15757: result: -I/home/pinky/Desktop/testing/Edision/pingulux-git/tdt/tufsbox/cdkroot/usr/include/python2.6
configure:15764: checking for Python library path
configure:15850: result: -L/home/pinky/Desktop/testing/Edision/pingulux-git/tdt/tufsbox/cdkroot/usr/include/python2.6 -lpython2.6
configure:15857: checking for Python site-packages path
configure:15864: result: /home/pinky/Desktop/testing/Edision/pingulux-git/tdt/tufsbox/cdkroot/usr//lib/python2.6/site-packages
configure:15871: checking python extra libraries
configure:15878: result:  -ldl  -lutil
configure:15885: checking python extra linking flags
configure:15892: result: -Xlinker -export-dynamic
configure:15899: checking consistency of all components of python development environment
configure:15925: sh4-linux-gcc -o conftest -g -O2  -DPLATFORM_SPARK -I/home/pinky/Desktop/testing/Edision/pingulux-git/tdt/cvs/driver/include -I /home/pinky/Desktop/testing/Edision/pingulux-git/tdt/cvs/cdk/linux-sh4-2.6.23.17_stm23_0123/include -I/home/pinky/Desktop/testing/Edision/pingulux-git/tdt/tufsbox/cdkroot/usr/include/python2.6  conftest.c  -L/home/pinky/Desktop/testing/Edision/pingulux-git/tdt/tufsbox/cdkroot/usr/include/python2.6 -lpython2.6 -Xlinker -export-dynamic  -ldl  -lutil >&5
configure:15925: $? = 0
configure:15942: result: yes
configure:15970: checking for swig
configure:15988: found /usr/bin/swig
configure:16000: result: /usr/bin/swig
configure:16262: checking for the pthreads library -lpthreads
configure:16300: sh4-linux-gcc -o conftest -g -O2   -DPLATFORM_SPARK -I/home/pinky/Desktop/testing/Edision/pingulux-git/tdt/cvs/driver/include -I /home/pinky/Desktop/testing/Edision/pingulux-git/tdt/cvs/cdk/linux-sh4-2.6.23.17_stm23_0123/include  conftest.c -lpthreads  >&5
/home/pinky/Desktop/testing/Edision/pingulux-git/tdt/tufsbox/devkit/sh4/lib/gcc/sh4-linux/4.3.4/../../../../sh4-linux/bin/ld: cannot find -lpthreads
collect2: ld returned 1 exit status
configure:16300: $? = 1
configure: failed program was:
| /* confdefs.h */
| #define PACKAGE_NAME "enigma2"
| #define PACKAGE_TARNAME "enigma2"
| #define PACKAGE_VERSION "3.0.0"
| #define PACKAGE_STRING "enigma2 3.0.0"
| #define PACKAGE_BUGREPORT "enigma2-devel@lists.elitedvb.net"
| #define PACKAGE_URL ""
| #define STDC_HEADERS 1
| #define HAVE_SYS_TYPES_H 1
| #define HAVE_SYS_STAT_H 1
| #define HAVE_STDLIB_H 1
| #define HAVE_STRING_H 1
| #define HAVE_MEMORY_H 1
| #define HAVE_STRINGS_H 1
| #define HAVE_INTTYPES_H 1
| #define HAVE_STDINT_H 1
| #define HAVE_UNISTD_H 1
| #define __EXTENSIONS__ 1
| #define _ALL_SOURCE 1
| #define _GNU_SOURCE 1
| #define _POSIX_PTHREAD_SEMANTICS 1
| #define _TANDEM_SOURCE 1
| #define _FILE_OFFSET_BITS 64
| #define HAVE_DLFCN_H 1
| #define LT_OBJDIR ".libs/"
| #define HAVE_DBOX_FP_H 1
| #define HAVE_DBOX_LCD_KS0713_H 1
| #define HAVE_PYTHON "2.6"
| /* end confdefs.h.  */
| #include <pthread.h>
| 		     static void routine(void* a) {a=0;}
| 		     static void* start_routine(void* a) {return a;}
| int
| main ()
| {
| pthread_t th; pthread_attr_t attr;
|                      pthread_create(&th,0,start_routine,0);
|                      pthread_join(th, 0);
|                      pthread_attr_init(&attr);
|                      pthread_cleanup_push(routine, 0);
|                      pthread_cleanup_pop(0);
|   ;
|   return 0;
| }
configure:16309: result: no
configure:16207: checking whether pthreads work without any flags
configure:16300: sh4-linux-gcc -o conftest -g -O2   -DPLATFORM_SPARK -I/home/pinky/Desktop/testing/Edision/pingulux-git/tdt/cvs/driver/include -I /home/pinky/Desktop/testing/Edision/pingulux-git/tdt/cvs/cdk/linux-sh4-2.6.23.17_stm23_0123/include  conftest.c   >&5
/tmp/ccmGGqfA.o: In function `main':
/home/pinky/Desktop/testing/Edision/pingulux-git/tdt/cvs/apps/enigma2-nightly/conftest.c:40: undefined reference to `pthread_create'
/home/pinky/Desktop/testing/Edision/pingulux-git/tdt/cvs/apps/enigma2-nightly/conftest.c:40: undefined reference to `pthread_join'
/home/pinky/Desktop/testing/Edision/pingulux-git/tdt/cvs/apps/enigma2-nightly/conftest.c:40: undefined reference to `__pthread_register_cancel'
/home/pinky/Desktop/testing/Edision/pingulux-git/tdt/cvs/apps/enigma2-nightly/conftest.c:40: undefined reference to `__pthread_unregister_cancel'
collect2: ld returned 1 exit status
configure:16300: $? = 1
configure: failed program was:
| /* confdefs.h */
| #define PACKAGE_NAME "enigma2"
| #define PACKAGE_TARNAME "enigma2"
| #define PACKAGE_VERSION "3.0.0"
| #define PACKAGE_STRING "enigma2 3.0.0"
| #define PACKAGE_BUGREPORT "enigma2-devel@lists.elitedvb.net"
| #define PACKAGE_URL ""
| #define STDC_HEADERS 1
| #define HAVE_SYS_TYPES_H 1
| #define HAVE_SYS_STAT_H 1
| #define HAVE_STDLIB_H 1
| #define HAVE_STRING_H 1
| #define HAVE_MEMORY_H 1
| #define HAVE_STRINGS_H 1
| #define HAVE_INTTYPES_H 1
| #define HAVE_STDINT_H 1
| #define HAVE_UNISTD_H 1
| #define __EXTENSIONS__ 1
| #define _ALL_SOURCE 1
| #define _GNU_SOURCE 1
| #define _POSIX_PTHREAD_SEMANTICS 1
| #define _TANDEM_SOURCE 1
| #define _FILE_OFFSET_BITS 64
| #define HAVE_DLFCN_H 1
| #define LT_OBJDIR ".libs/"
| #define HAVE_DBOX_FP_H 1
| #define HAVE_DBOX_LCD_KS0713_H 1
| #define HAVE_PYTHON "2.6"
| /* end confdefs.h.  */
| #include <pthread.h>
| 		     static void routine(void* a) {a=0;}
| 		     static void* start_routine(void* a) {return a;}
| int
| main ()
| {
| pthread_t th; pthread_attr_t attr;
|                      pthread_create(&th,0,start_routine,0);
|                      pthread_join(th, 0);
|                      pthread_attr_init(&attr);
|                      pthread_cleanup_push(routine, 0);
|                      pthread_cleanup_pop(0);
|   ;
|   return 0;
| }
configure:16309: result: no
configure:16212: checking whether pthreads work with -Kthread
configure:16300: sh4-linux-gcc -o conftest -g -O2 -Kthread  -DPLATFORM_SPARK -I/home/pinky/Desktop/testing/Edision/pingulux-git/tdt/cvs/driver/include -I /home/pinky/Desktop/testing/Edision/pingulux-git/tdt/cvs/cdk/linux-sh4-2.6.23.17_stm23_0123/include  conftest.c   >&5
sh4-linux-gcc: unrecognized option '-Kthread'
/tmp/ccC7xZSM.o: In function `main':
/home/pinky/Desktop/testing/Edision/pingulux-git/tdt/cvs/apps/enigma2-nightly/conftest.c:40: undefined reference to `pthread_create'
/home/pinky/Desktop/testing/Edision/pingulux-git/tdt/cvs/apps/enigma2-nightly/conftest.c:40: undefined reference to `pthread_join'
/home/pinky/Desktop/testing/Edision/pingulux-git/tdt/cvs/apps/enigma2-nightly/conftest.c:40: undefined reference to `__pthread_register_cancel'
/home/pinky/Desktop/testing/Edision/pingulux-git/tdt/cvs/apps/enigma2-nightly/conftest.c:40: undefined reference to `__pthread_unregister_cancel'
collect2: ld returned 1 exit status
configure:16300: $? = 1
configure: failed program was:
| /* confdefs.h */
| #define PACKAGE_NAME "enigma2"
| #define PACKAGE_TARNAME "enigma2"
| #define PACKAGE_VERSION "3.0.0"
| #define PACKAGE_STRING "enigma2 3.0.0"
| #define PACKAGE_BUGREPORT "enigma2-devel@lists.elitedvb.net"
| #define PACKAGE_URL ""
| #define STDC_HEADERS 1
| #define HAVE_SYS_TYPES_H 1
| #define HAVE_SYS_STAT_H 1
| #define HAVE_STDLIB_H 1
| #define HAVE_STRING_H 1
| #define HAVE_MEMORY_H 1
| #define HAVE_STRINGS_H 1
| #define HAVE_INTTYPES_H 1
| #define HAVE_STDINT_H 1
| #define HAVE_UNISTD_H 1
| #define __EXTENSIONS__ 1
| #define _ALL_SOURCE 1
| #define _GNU_SOURCE 1
| #define _POSIX_PTHREAD_SEMANTICS 1
| #define _TANDEM_SOURCE 1
| #define _FILE_OFFSET_BITS 64
| #define HAVE_DLFCN_H 1
| #define LT_OBJDIR ".libs/"
| #define HAVE_DBOX_FP_H 1
| #define HAVE_DBOX_LCD_KS0713_H 1
| #define HAVE_PYTHON "2.6"
| /* end confdefs.h.  */
| #include <pthread.h>
| 		     static void routine(void* a) {a=0;}
| 		     static void* start_routine(void* a) {return a;}
| int
| main ()
| {
| pthread_t th; pthread_attr_t attr;
|                      pthread_create(&th,0,start_routine,0);
|                      pthread_join(th, 0);
|                      pthread_attr_init(&attr);
|                      pthread_cleanup_push(routine, 0);
|                      pthread_cleanup_pop(0);
|   ;
|   return 0;
| }
configure:16309: result: no
configure:16212: checking whether pthreads work with -kthread
configure:16300: sh4-linux-gcc -o conftest -g -O2 -kthread  -DPLATFORM_SPARK -I/home/pinky/Desktop/testing/Edision/pingulux-git/tdt/cvs/driver/include -I /home/pinky/Desktop/testing/Edision/pingulux-git/tdt/cvs/cdk/linux-sh4-2.6.23.17_stm23_0123/include  conftest.c   >&5
sh4-linux-gcc: unrecognized option '-kthread'
/tmp/cciVFG4Z.o: In function `main':
/home/pinky/Desktop/testing/Edision/pingulux-git/tdt/cvs/apps/enigma2-nightly/conftest.c:40: undefined reference to `pthread_create'
/home/pinky/Desktop/testing/Edision/pingulux-git/tdt/cvs/apps/enigma2-nightly/conftest.c:40: undefined reference to `pthread_join'
/home/pinky/Desktop/testing/Edision/pingulux-git/tdt/cvs/apps/enigma2-nightly/conftest.c:40: undefined reference to `__pthread_register_cancel'
/home/pinky/Desktop/testing/Edision/pingulux-git/tdt/cvs/apps/enigma2-nightly/conftest.c:40: undefined reference to `__pthread_unregister_cancel'
collect2: ld returned 1 exit status
configure:16300: $? = 1
configure: failed program was:
| /* confdefs.h */
| #define PACKAGE_NAME "enigma2"
| #define PACKAGE_TARNAME "enigma2"
| #define PACKAGE_VERSION "3.0.0"
| #define PACKAGE_STRING "enigma2 3.0.0"
| #define PACKAGE_BUGREPORT "enigma2-devel@lists.elitedvb.net"
| #define PACKAGE_URL ""
| #define STDC_HEADERS 1
| #define HAVE_SYS_TYPES_H 1
| #define HAVE_SYS_STAT_H 1
| #define HAVE_STDLIB_H 1
| #define HAVE_STRING_H 1
| #define HAVE_MEMORY_H 1
| #define HAVE_STRINGS_H 1
| #define HAVE_INTTYPES_H 1
| #define HAVE_STDINT_H 1
| #define HAVE_UNISTD_H 1
| #define __EXTENSIONS__ 1
| #define _ALL_SOURCE 1
| #define _GNU_SOURCE 1
| #define _POSIX_PTHREAD_SEMANTICS 1
| #define _TANDEM_SOURCE 1
| #define _FILE_OFFSET_BITS 64
| #define HAVE_DLFCN_H 1
| #define LT_OBJDIR ".libs/"
| #define HAVE_DBOX_FP_H 1
| #define HAVE_DBOX_LCD_KS0713_H 1
| #define HAVE_PYTHON "2.6"
| /* end confdefs.h.  */
| #include <pthread.h>
| 		     static void routine(void* a) {a=0;}
| 		     static void* start_routine(void* a) {return a;}
| int
| main ()
| {
| pthread_t th; pthread_attr_t attr;
|                      pthread_create(&th,0,start_routine,0);
|                      pthread_join(th, 0);
|                      pthread_attr_init(&attr);
|                      pthread_cleanup_push(routine, 0);
|                      pthread_cleanup_pop(0);
|   ;
|   return 0;
| }
configure:16309: result: no
configure:16262: checking for the pthreads library -llthread
configure:16300: sh4-linux-gcc -o conftest -g -O2   -DPLATFORM_SPARK -I/home/pinky/Desktop/testing/Edision/pingulux-git/tdt/cvs/driver/include -I /home/pinky/Desktop/testing/Edision/pingulux-git/tdt/cvs/cdk/linux-sh4-2.6.23.17_stm23_0123/include  conftest.c -llthread  >&5
/home/pinky/Desktop/testing/Edision/pingulux-git/tdt/tufsbox/devkit/sh4/lib/gcc/sh4-linux/4.3.4/../../../../sh4-linux/bin/ld: cannot find -llthread
collect2: ld returned 1 exit status
configure:16300: $? = 1
configure: failed program was:
| /* confdefs.h */
| #define PACKAGE_NAME "enigma2"
| #define PACKAGE_TARNAME "enigma2"
| #define PACKAGE_VERSION "3.0.0"
| #define PACKAGE_STRING "enigma2 3.0.0"
| #define PACKAGE_BUGREPORT "enigma2-devel@lists.elitedvb.net"
| #define PACKAGE_URL ""
| #define STDC_HEADERS 1
| #define HAVE_SYS_TYPES_H 1
| #define HAVE_SYS_STAT_H 1
| #define HAVE_STDLIB_H 1
| #define HAVE_STRING_H 1
| #define HAVE_MEMORY_H 1
| #define HAVE_STRINGS_H 1
| #define HAVE_INTTYPES_H 1
| #define HAVE_STDINT_H 1
| #define HAVE_UNISTD_H 1
| #define __EXTENSIONS__ 1
| #define _ALL_SOURCE 1
| #define _GNU_SOURCE 1
| #define _POSIX_PTHREAD_SEMANTICS 1
| #define _TANDEM_SOURCE 1
| #define _FILE_OFFSET_BITS 64
| #define HAVE_DLFCN_H 1
| #define LT_OBJDIR ".libs/"
| #define HAVE_DBOX_FP_H 1
| #define HAVE_DBOX_LCD_KS0713_H 1
| #define HAVE_PYTHON "2.6"
| /* end confdefs.h.  */
| #include <pthread.h>
| 		     static void routine(void* a) {a=0;}
| 		     static void* start_routine(void* a) {return a;}
| int
| main ()
| {
| pthread_t th; pthread_attr_t attr;
|                      pthread_create(&th,0,start_routine,0);
|                      pthread_join(th, 0);
|                      pthread_attr_init(&attr);
|                      pthread_cleanup_push(routine, 0);
|                      pthread_cleanup_pop(0);
|   ;
|   return 0;
| }
configure:16309: result: no
configure:16212: checking whether pthreads work with -pthread
configure:16300: sh4-linux-gcc -o conftest -g -O2 -pthread  -DPLATFORM_SPARK -I/home/pinky/Desktop/testing/Edision/pingulux-git/tdt/cvs/driver/include -I /home/pinky/Desktop/testing/Edision/pingulux-git/tdt/cvs/cdk/linux-sh4-2.6.23.17_stm23_0123/include  conftest.c   >&5
configure:16300: $? = 0
configure:16309: result: yes
configure:16328: checking for joinable pthread attribute
configure:16343: sh4-linux-gcc -o conftest -g -O2 -pthread  -DPLATFORM_SPARK -I/home/pinky/Desktop/testing/Edision/pingulux-git/tdt/cvs/driver/include -I /home/pinky/Desktop/testing/Edision/pingulux-git/tdt/cvs/cdk/linux-sh4-2.6.23.17_stm23_0123/include  conftest.c   >&5
configure:16343: $? = 0
configure:16349: result: PTHREAD_CREATE_JOINABLE
configure:16359: checking if more special flags are required for pthreads
configure:16366: result: no
configure:16465: checking ost/dmx.h usability
configure:16465: sh4-linux-gcc -c -g -O2  -DPLATFORM_SPARK -I/home/pinky/Desktop/testing/Edision/pingulux-git/tdt/cvs/driver/include -I /home/pinky/Desktop/testing/Edision/pingulux-git/tdt/cvs/cdk/linux-sh4-2.6.23.17_stm23_0123/include conftest.c >&5
conftest.c:64:21: error: ost/dmx.h: No such file or directory
configure:16465: $? = 1
configure: failed program was:
| /* confdefs.h */
| #define PACKAGE_NAME "enigma2"
| #define PACKAGE_TARNAME "enigma2"
| #define PACKAGE_VERSION "3.0.0"
| #define PACKAGE_STRING "enigma2 3.0.0"
| #define PACKAGE_BUGREPORT "enigma2-devel@lists.elitedvb.net"
| #define PACKAGE_URL ""
| #define STDC_HEADERS 1
| #define HAVE_SYS_TYPES_H 1
| #define HAVE_SYS_STAT_H 1
| #define HAVE_STDLIB_H 1
| #define HAVE_STRING_H 1
| #define HAVE_MEMORY_H 1
| #define HAVE_STRINGS_H 1
| #define HAVE_INTTYPES_H 1
| #define HAVE_STDINT_H 1
| #define HAVE_UNISTD_H 1
| #define __EXTENSIONS__ 1
| #define _ALL_SOURCE 1
| #define _GNU_SOURCE 1
| #define _POSIX_PTHREAD_SEMANTICS 1
| #define _TANDEM_SOURCE 1
| #define _FILE_OFFSET_BITS 64
| #define HAVE_DLFCN_H 1
| #define LT_OBJDIR ".libs/"
| #define HAVE_DBOX_FP_H 1
| #define HAVE_DBOX_LCD_KS0713_H 1
| #define HAVE_PYTHON "2.6"
| #define HAVE_PTHREAD 1
| /* end confdefs.h.  */
| #include <stdio.h>
| #ifdef HAVE_SYS_TYPES_H
| # include <sys/types.h>
| #endif
| #ifdef HAVE_SYS_STAT_H
| # include <sys/stat.h>
| #endif
| #ifdef STDC_HEADERS
| # include <stdlib.h>
| # include <stddef.h>
| #else
| # ifdef HAVE_STDLIB_H
| #  include <stdlib.h>
| # endif
| #endif
| #ifdef HAVE_STRING_H
| # if !defined STDC_HEADERS && defined HAVE_MEMORY_H
| #  include <memory.h>
| # endif
| # include <string.h>
| #endif
| #ifdef HAVE_STRINGS_H
| # include <strings.h>
| #endif
| #ifdef HAVE_INTTYPES_H
| # include <inttypes.h>
| #endif
| #ifdef HAVE_STDINT_H
| # include <stdint.h>
| #endif
| #ifdef HAVE_UNISTD_H
| # include <unistd.h>
| #endif
| #include <ost/dmx.h>
configure:16465: result: no
configure:16465: checking ost/dmx.h presence
configure:16465: sh4-linux-gcc -E  -DPLATFORM_SPARK -I/home/pinky/Desktop/testing/Edision/pingulux-git/tdt/cvs/driver/include -I /home/pinky/Desktop/testing/Edision/pingulux-git/tdt/cvs/cdk/linux-sh4-2.6.23.17_stm23_0123/include conftest.c
conftest.c:31:21: error: ost/dmx.h: No such file or directory
configure:16465: $? = 1
configure: failed program was:
| /* confdefs.h */
| #define PACKAGE_NAME "enigma2"
| #define PACKAGE_TARNAME "enigma2"
| #define PACKAGE_VERSION "3.0.0"
| #define PACKAGE_STRING "enigma2 3.0.0"
| #define PACKAGE_BUGREPORT "enigma2-devel@lists.elitedvb.net"
| #define PACKAGE_URL ""
| #define STDC_HEADERS 1
| #define HAVE_SYS_TYPES_H 1
| #define HAVE_SYS_STAT_H 1
| #define HAVE_STDLIB_H 1
| #define HAVE_STRING_H 1
| #define HAVE_MEMORY_H 1
| #define HAVE_STRINGS_H 1
| #define HAVE_INTTYPES_H 1
| #define HAVE_STDINT_H 1
| #define HAVE_UNISTD_H 1
| #define __EXTENSIONS__ 1
| #define _ALL_SOURCE 1
| #define _GNU_SOURCE 1
| #define _POSIX_PTHREAD_SEMANTICS 1
| #define _TANDEM_SOURCE 1
| #define _FILE_OFFSET_BITS 64
| #define HAVE_DLFCN_H 1
| #define LT_OBJDIR ".libs/"
| #define HAVE_DBOX_FP_H 1
| #define HAVE_DBOX_LCD_KS0713_H 1
| #define HAVE_PYTHON "2.6"
| #define HAVE_PTHREAD 1
| /* end confdefs.h.  */
| #include <ost/dmx.h>
configure:16465: result: no
configure:16465: checking for ost/dmx.h
configure:16465: result: no
configure:16483: checking linux/dvb/version.h usability
configure:16483: sh4-linux-gcc -c -g -O2  -DPLATFORM_SPARK -I/home/pinky/Desktop/testing/Edision/pingulux-git/tdt/cvs/driver/include -I /home/pinky/Desktop/testing/Edision/pingulux-git/tdt/cvs/cdk/linux-sh4-2.6.23.17_stm23_0123/include conftest.c >&5
configure:16483: $? = 0
configure:16483: result: yes
configure:16483: checking linux/dvb/version.h presence
configure:16483: sh4-linux-gcc -E  -DPLATFORM_SPARK -I/home/pinky/Desktop/testing/Edision/pingulux-git/tdt/cvs/driver/include -I /home/pinky/Desktop/testing/Edision/pingulux-git/tdt/cvs/cdk/linux-sh4-2.6.23.17_stm23_0123/include conftest.c
configure:16483: $? = 0
configure:16483: result: yes
configure:16483: checking for linux/dvb/version.h
configure:16483: result: yes
configure:16501: found dvb version 3
configure:16645: checking pkg-config is at least version 0.9.0
configure:16648: result: yes
configure:16659: checking for BASE
configure:16667: $PKG_CONFIG --exists --print-errors "freetype2 fribidi libdvbsi++ libpng libxml-2.0 sigc++-1.2"
configure:16670: $? = 0
configure:16685: $PKG_CONFIG --exists --print-errors "freetype2 fribidi libdvbsi++ libpng libxml-2.0 sigc++-1.2"
configure:16688: $? = 0
configure:16743: result: yes
configure:16749: checking for LIBDDVD
configure:16757: $PKG_CONFIG --exists --print-errors "libdreamdvd"
configure:16760: $? = 0
configure:16775: $PKG_CONFIG --exists --print-errors "libdreamdvd"
configure:16778: $? = 0
configure:16814: result: yes
configure:16865: checking for dlopen in -ldl
configure:16890: sh4-linux-gcc -o conftest -g -O2  -DPLATFORM_SPARK -I/home/pinky/Desktop/testing/Edision/pingulux-git/tdt/cvs/driver/include -I /home/pinky/Desktop/testing/Edision/pingulux-git/tdt/cvs/cdk/linux-sh4-2.6.23.17_stm23_0123/include  conftest.c -ldl   >&5
configure:16890: $? = 0
configure:16899: result: yes
configure:16908: checking for jpeg_set_defaults in -ljpeg
configure:16933: sh4-linux-gcc -o conftest -g -O2  -DPLATFORM_SPARK -I/home/pinky/Desktop/testing/Edision/pingulux-git/tdt/cvs/driver/include -I /home/pinky/Desktop/testing/Edision/pingulux-git/tdt/cvs/cdk/linux-sh4-2.6.23.17_stm23_0123/include  conftest.c -ljpeg   >&5
configure:16933: $? = 0
configure:16942: result: yes
configure:16951: checking for DGifOpen in -lungif
configure:16976: sh4-linux-gcc -o conftest -g -O2  -DPLATFORM_SPARK -I/home/pinky/Desktop/testing/Edision/pingulux-git/tdt/cvs/driver/include -I /home/pinky/Desktop/testing/Edision/pingulux-git/tdt/cvs/cdk/linux-sh4-2.6.23.17_stm23_0123/include  conftest.c -lungif   >&5
/home/pinky/Desktop/testing/Edision/pingulux-git/tdt/tufsbox/devkit/sh4/lib/gcc/sh4-linux/4.3.4/../../../../sh4-linux/bin/ld: cannot find -lungif
collect2: ld returned 1 exit status
configure:16976: $? = 1
configure: failed program was:
| /* confdefs.h */
| #define PACKAGE_NAME "enigma2"
| #define PACKAGE_TARNAME "enigma2"
| #define PACKAGE_VERSION "3.0.0"
| #define PACKAGE_STRING "enigma2 3.0.0"
| #define PACKAGE_BUGREPORT "enigma2-devel@lists.elitedvb.net"
| #define PACKAGE_URL ""
| #define STDC_HEADERS 1
| #define HAVE_SYS_TYPES_H 1
| #define HAVE_SYS_STAT_H 1
| #define HAVE_STDLIB_H 1
| #define HAVE_STRING_H 1
| #define HAVE_MEMORY_H 1
| #define HAVE_STRINGS_H 1
| #define HAVE_INTTYPES_H 1
| #define HAVE_STDINT_H 1
| #define HAVE_UNISTD_H 1
| #define __EXTENSIONS__ 1
| #define _ALL_SOURCE 1
| #define _GNU_SOURCE 1
| #define _POSIX_PTHREAD_SEMANTICS 1
| #define _TANDEM_SOURCE 1
| #define _FILE_OFFSET_BITS 64
| #define HAVE_DLFCN_H 1
| #define LT_OBJDIR ".libs/"
| #define HAVE_DBOX_FP_H 1
| #define HAVE_DBOX_LCD_KS0713_H 1
| #define HAVE_PYTHON "2.6"
| #define HAVE_PTHREAD 1
| #define HAVE_LINUX_DVB_VERSION_H 1
| #define HAVE_DVB 1
| #define HAVE_DVB_API_VERSION 3
| /* end confdefs.h.  */
| 
| /* Override any GCC internal prototype to avoid an error.
|    Use char because int might match the return type of a GCC
|    builtin and then its argument prototype would still apply.  */
| #ifdef __cplusplus
| extern "C"
| #endif
| char DGifOpen ();
| int
| main ()
| {
| return DGifOpen ();
|   ;
|   return 0;
| }
configure:16985: result: no
configure:16990: checking for DGifOpen in -lgif
configure:17015: sh4-linux-gcc -o conftest -g -O2  -DPLATFORM_SPARK -I/home/pinky/Desktop/testing/Edision/pingulux-git/tdt/cvs/driver/include -I /home/pinky/Desktop/testing/Edision/pingulux-git/tdt/cvs/cdk/linux-sh4-2.6.23.17_stm23_0123/include  conftest.c -lgif   >&5
configure:17015: $? = 0
configure:17024: result: yes
configure:17042: checking for exit in -lxmlccwrap
configure:17067: sh4-linux-g++ -o conftest -g -O2  -DPLATFORM_SPARK -I/home/pinky/Desktop/testing/Edision/pingulux-git/tdt/cvs/driver/include -I /home/pinky/Desktop/testing/Edision/pingulux-git/tdt/cvs/cdk/linux-sh4-2.6.23.17_stm23_0123/include  conftest.cpp -lxmlccwrap   >&5
configure:17067: $? = 0
configure:17076: result: yes
configure:17695: creating ./config.status

## ---------------------- ##
## Running config.status. ##
## ---------------------- ##

This file was extended by enigma2 config.status 3.0.0, which was
generated by GNU Autoconf 2.64.  Invocation command line was

  CONFIG_FILES    = 
  CONFIG_HEADERS  = 
  CONFIG_LINKS    = 
  CONFIG_COMMANDS = 
  $ ./config.status 

on asuslappy

config.status:1307: creating Makefile
config.status:1307: creating data/Makefile
config.status:1307: creating data/fonts/Makefile
config.status:1307: creating data/countries/Makefile
config.status:1307: creating data/defaults/Makefile
config.status:1307: creating data/defaults/Dream/Makefile
config.status:1307: creating data/defaults/Dream/hdbouquets/Makefile
config.status:1307: creating data/defaults/Dream/sdbouquets/Makefile
config.status:1307: creating data/extensions/Makefile
config.status:1307: creating data/keymaps/Makefile
config.status:1307: creating data/skin_default/Makefile
config.status:1307: creating data/skin_default/menu/Makefile
config.status:1307: creating data/skin_default/icons/Makefile
config.status:1307: creating data/skin_default/buttons/Makefile
config.status:1307: creating data/skin_default/spinner/Makefile
config.status:1307: creating include/Makefile
config.status:1307: creating lib/Makefile
config.status:1307: creating lib/actions/Makefile
config.status:1307: creating lib/base/Makefile
config.status:1307: creating lib/base/eenv.cpp
config.status:1307: creating lib/driver/Makefile
config.status:1307: creating lib/dvb/Makefile
config.status:1307: creating lib/dvb/lowlevel/Makefile
config.status:1307: creating lib/dvb_ci/Makefile
config.status:1307: creating lib/gdi/Makefile
config.status:1307: creating lib/gui/Makefile
config.status:1307: creating lib/mmi/Makefile
config.status:1307: creating lib/nav/Makefile
config.status:1307: creating lib/python/Makefile
config.status:1307: creating lib/python/Components/Makefile
config.status:1307: creating lib/python/Components/Converter/Makefile
config.status:1307: creating lib/python/Components/Renderer/Makefile
config.status:1307: creating lib/python/Components/Sources/Makefile
config.status:1307: creating lib/python/Screens/Makefile
config.status:1307: creating lib/python/Plugins/Makefile
config.status:1307: creating lib/python/Plugins/Extensions/CutListEditor/Makefile
config.status:1307: creating lib/python/Plugins/Extensions/CutListEditor/meta/Makefile
config.status:1307: creating lib/python/Plugins/Extensions/DVDBurn/Makefile
config.status:1307: creating lib/python/Plugins/Extensions/DVDBurn/meta/Makefile
config.status:1307: creating lib/python/Plugins/Extensions/DVDPlayer/Makefile
config.status:1307: creating lib/python/Plugins/Extensions/DVDPlayer/meta/Makefile
config.status:1307: creating lib/python/Plugins/Extensions/DVDPlayer/src/Makefile
config.status:1307: creating lib/python/Plugins/Extensions/GraphMultiEPG/Makefile
config.status:1307: creating lib/python/Plugins/Extensions/GraphMultiEPG/meta/Makefile
config.status:1307: creating lib/python/Plugins/Extensions/Makefile
config.status:1307: creating lib/python/Plugins/Extensions/MediaPlayer/Makefile
config.status:1307: creating lib/python/Plugins/Extensions/MediaPlayer/meta/Makefile
config.status:1307: creating lib/python/Plugins/Extensions/MediaScanner/Makefile
config.status:1307: creating lib/python/Plugins/Extensions/MediaScanner/meta/Makefile
config.status:1307: creating lib/python/Plugins/Extensions/PicturePlayer/Makefile
config.status:1307: creating lib/python/Plugins/Extensions/PicturePlayer/meta/Makefile
config.status:1307: creating lib/python/Plugins/Extensions/PicturePlayer/data/Makefile
config.status:1307: creating lib/python/Plugins/Extensions/SocketMMI/Makefile
config.status:1307: creating lib/python/Plugins/Extensions/SocketMMI/meta/Makefile
config.status:1307: creating lib/python/Plugins/Extensions/SocketMMI/src/Makefile
config.status:1307: creating lib/python/Plugins/SystemPlugins/CleanupWizard/Makefile
config.status:1307: creating lib/python/Plugins/SystemPlugins/CleanupWizard/meta/Makefile
config.status:1307: creating lib/python/Plugins/SystemPlugins/CommonInterfaceAssignment/Makefile
config.status:1307: creating lib/python/Plugins/SystemPlugins/CommonInterfaceAssignment/meta/Makefile
config.status:1307: creating lib/python/Plugins/SystemPlugins/CrashlogAutoSubmit/Makefile
config.status:1307: creating lib/python/Plugins/SystemPlugins/CrashlogAutoSubmit/meta/Makefile
config.status:1307: creating lib/python/Plugins/SystemPlugins/DefaultServicesScanner/Makefile
config.status:1307: creating lib/python/Plugins/SystemPlugins/DefaultServicesScanner/meta/Makefile
config.status:1307: creating lib/python/Plugins/SystemPlugins/DiseqcTester/Makefile
config.status:1307: creating lib/python/Plugins/SystemPlugins/DiseqcTester/meta/Makefile
config.status:1307: creating lib/python/Plugins/SystemPlugins/FrontprocessorUpgrade/Makefile
config.status:1307: creating lib/python/Plugins/SystemPlugins/FrontprocessorUpgrade/meta/Makefile
config.status:1307: creating lib/python/Plugins/SystemPlugins/Hotplug/Makefile
config.status:1307: creating lib/python/Plugins/SystemPlugins/Hotplug/meta/Makefile
config.status:1307: creating lib/python/Plugins/SystemPlugins/Makefile
config.status:1307: creating lib/python/Plugins/SystemPlugins/TempFanControl/Makefile
config.status:1307: creating lib/python/Plugins/SystemPlugins/TempFanControl/meta/Makefile
config.status:1307: creating lib/python/Plugins/SystemPlugins/NetworkWizard/Makefile
config.status:1307: creating lib/python/Plugins/SystemPlugins/NetworkWizard/meta/Makefile
config.status:1307: creating lib/python/Plugins/SystemPlugins/NFIFlash/Makefile
config.status:1307: creating lib/python/Plugins/SystemPlugins/NFIFlash/meta/Makefile
config.status:1307: creating lib/python/Plugins/SystemPlugins/PositionerSetup/Makefile
config.status:1307: creating lib/python/Plugins/SystemPlugins/PositionerSetup/meta/Makefile
config.status:1307: creating lib/python/Plugins/SystemPlugins/SatelliteEquipmentControl/Makefile
config.status:1307: creating lib/python/Plugins/SystemPlugins/SatelliteEquipmentControl/meta/Makefile
config.status:1307: creating lib/python/Plugins/SystemPlugins/Satfinder/Makefile
config.status:1307: creating lib/python/Plugins/SystemPlugins/Satfinder/meta/Makefile
config.status:1307: creating lib/python/Plugins/SystemPlugins/SkinSelector/Makefile
config.status:1307: creating lib/python/Plugins/SystemPlugins/SkinSelector/meta/Makefile
config.status:1307: creating lib/python/Plugins/SystemPlugins/SoftwareManager/Makefile
config.status:1307: creating lib/python/Plugins/SystemPlugins/SoftwareManager/meta/Makefile
config.status:1307: creating lib/python/Plugins/SystemPlugins/VideoEnhancement/Makefile
config.status:1307: creating lib/python/Plugins/SystemPlugins/VideoEnhancement/meta/Makefile
config.status:1307: creating lib/python/Plugins/SystemPlugins/VideoTune/Makefile
config.status:1307: creating lib/python/Plugins/SystemPlugins/VideoTune/meta/Makefile
config.status:1307: creating lib/python/Plugins/SystemPlugins/Videomode/Makefile
config.status:1307: creating lib/python/Plugins/SystemPlugins/Videomode/meta/Makefile
config.status:1307: creating lib/python/Plugins/SystemPlugins/WirelessLan/Makefile
config.status:1307: creating lib/python/Plugins/SystemPlugins/WirelessLan/meta/Makefile
config.status:1307: creating lib/python/Plugins/Extensions/TopfieldVFD/Makefile
config.status:1307: creating lib/python/Plugins/Extensions/CuberevoVFD/Makefile
config.status:1307: creating lib/python/Plugins/SystemPlugins/Tuxtxt/Makefile
config.status:1307: creating lib/python/Plugins/SystemPlugins/Tuxtxt/tuxtxt/Makefile
config.status:1307: creating lib/python/Plugins/SystemPlugins/VFD-Icons/Makefile
config.status:1307: creating lib/python/Plugins/SystemPlugins/VFD-Icons/meta/Makefile
config.status:1307: creating lib/python/Tools/Makefile
config.status:1307: creating lib/service/Makefile
config.status:1307: creating lib/components/Makefile
config.status:1307: creating po/Makefile
config.status:1307: creating main/Makefile
config.status:1307: creating tools/Makefile
config.status:1307: creating tools/enigma2.sh
config.status:1307: creating enigma2.pc
config.status:1307: creating enigma2_config.h
config.status:1527: executing depfiles commands
config.status:1527: executing libtool commands
configure:20260: WARNING: unrecognized options: --with-datadir, --with-libdir, --with-plugindir

## ---------------- ##
## Cache variables. ##
## ---------------- ##

ac_cv_build=x86_64-unknown-linux-gnu
ac_cv_c_compiler_gnu=yes
ac_cv_cxx_compiler_gnu=yes
ac_cv_env_BASE_CFLAGS_set=
ac_cv_env_BASE_CFLAGS_value=
ac_cv_env_BASE_LIBS_set=
ac_cv_env_BASE_LIBS_value=
ac_cv_env_CCC_set=
ac_cv_env_CCC_value=
ac_cv_env_CC_set=
ac_cv_env_CC_value=
ac_cv_env_CFLAGS_set=set
ac_cv_env_CFLAGS_value='-g -O2'
ac_cv_env_CPPFLAGS_set=set
ac_cv_env_CPPFLAGS_value=' -DPLATFORM_SPARK -I/home/pinky/Desktop/testing/Edision/pingulux-git/tdt/cvs/driver/include -I /home/pinky/Desktop/testing/Edision/pingulux-git/tdt/cvs/cdk/linux-sh4-2.6.23.17_stm23_0123/include'
ac_cv_env_CPP_set=
ac_cv_env_CPP_value=
ac_cv_env_CXXCPP_set=
ac_cv_env_CXXCPP_value=
ac_cv_env_CXXFLAGS_set=set
ac_cv_env_CXXFLAGS_value='-g -O2'
ac_cv_env_CXX_set=
ac_cv_env_CXX_value=
ac_cv_env_LDFLAGS_set=
ac_cv_env_LDFLAGS_value=
ac_cv_env_LIBDDVD_CFLAGS_set=
ac_cv_env_LIBDDVD_CFLAGS_value=
ac_cv_env_LIBDDVD_LIBS_set=
ac_cv_env_LIBDDVD_LIBS_value=
ac_cv_env_LIBSDL_CFLAGS_set=
ac_cv_env_LIBSDL_CFLAGS_value=
ac_cv_env_LIBSDL_LIBS_set=
ac_cv_env_LIBSDL_LIBS_value=
ac_cv_env_LIBS_set=
ac_cv_env_LIBS_value=
ac_cv_env_LIBXINE_CFLAGS_set=
ac_cv_env_LIBXINE_CFLAGS_value=
ac_cv_env_LIBXINE_LIBS_set=
ac_cv_env_LIBXINE_LIBS_value=
ac_cv_env_PKG_CONFIG_set=set
ac_cv_env_PKG_CONFIG_value=/home/pinky/Desktop/testing/Edision/pingulux-git/tdt/tufsbox/host/bin/pkg-config
ac_cv_env_PYTHON_VERSION_set=
ac_cv_env_PYTHON_VERSION_value=
ac_cv_env_build_alias_set=
ac_cv_env_build_alias_value=
ac_cv_env_host_alias_set=set
ac_cv_env_host_alias_value=sh4-linux
ac_cv_env_target_alias_set=
ac_cv_env_target_alias_value=
ac_cv_header_dbox_fp_h=yes
ac_cv_header_dbox_lcd_ks0713_h=yes
ac_cv_header_dlfcn_h=yes
ac_cv_header_inttypes_h=yes
ac_cv_header_linux_dvb_version_h=yes
ac_cv_header_memory_h=yes
ac_cv_header_minix_config_h=no
ac_cv_header_ost_dmx_h=no
ac_cv_header_stdc=yes
ac_cv_header_stdint_h=yes
ac_cv_header_stdlib_h=yes
ac_cv_header_string_h=yes
ac_cv_header_strings_h=yes
ac_cv_header_sys_stat_h=yes
ac_cv_header_sys_types_h=yes
ac_cv_header_unistd_h=yes
ac_cv_host=sh4-unknown-linux-gnu
ac_cv_lib_dl_dlopen=yes
ac_cv_lib_gif_DGifOpen=yes
ac_cv_lib_jpeg_jpeg_set_defaults=yes
ac_cv_lib_ungif_DGifOpen=no
ac_cv_lib_xmlccwrap_exit=yes
ac_cv_objext=o
ac_cv_path_EGREP='/bin/grep -E'
ac_cv_path_FGREP='/bin/grep -F'
ac_cv_path_GREP=/bin/grep
ac_cv_path_MSGFMT=/usr/bin/msgfmt
ac_cv_path_PYTHON=/home/pinky/Desktop/testing/Edision/pingulux-git/tdt/tufsbox/devkit/sh4/bin/python
ac_cv_path_SED=/bin/sed
ac_cv_path_SWIG=/usr/bin/swig
ac_cv_path_install='/usr/bin/install -c'
ac_cv_path_mkdir=/bin/mkdir
ac_cv_prog_AR=sh4-linux-ar
ac_cv_prog_AWK=gawk
ac_cv_prog_CC=sh4-linux-gcc
ac_cv_prog_CPP='sh4-linux-gcc -E'
ac_cv_prog_CXX=sh4-linux-g++
ac_cv_prog_CXXCPP='sh4-linux-g++ -E'
ac_cv_prog_OBJDUMP=sh4-linux-objdump
ac_cv_prog_RANLIB=sh4-linux-ranlib
ac_cv_prog_STRIP=sh4-linux-strip
ac_cv_prog_cc_c89=
ac_cv_prog_cc_g=yes
ac_cv_prog_cxx_g=yes
ac_cv_prog_make_make_set=yes
ac_cv_safe_to_define___extensions__=yes
ac_cv_sys_file_offset_bits=64
ac_cv_sys_largefile_CC=no
am_cv_CC_dependencies_compiler_type=gcc3
am_cv_CXX_dependencies_compiler_type=gcc3
am_cv_prog_tar_pax=gnutar
am_cv_python_platform=linux2
am_cv_python_pyexecdir='${exec_prefix}/lib/python2.6/site-packages'
am_cv_python_pythondir='${prefix}/lib/python2.6/site-packages'
am_cv_python_version=2.6
lt_cv_deplibs_check_method=pass_all
lt_cv_file_magic_cmd='$MAGIC_CMD'
lt_cv_file_magic_test_file=
lt_cv_ld_reload_flag=-r
lt_cv_nm_interface='BSD nm'
lt_cv_objdir=.libs
lt_cv_path_LD=/home/pinky/Desktop/testing/Edision/pingulux-git/tdt/tufsbox/devkit/sh4/sh4-linux/bin/ld
lt_cv_path_LDCXX=/home/pinky/Desktop/testing/Edision/pingulux-git/tdt/tufsbox/devkit/sh4/sh4-linux/bin/ld
lt_cv_path_NM='/home/pinky/Desktop/testing/Edision/pingulux-git/tdt/tufsbox/devkit/sh4/bin/sh4-linux-nm -B'
lt_cv_prog_compiler_c_o=yes
lt_cv_prog_compiler_c_o_CXX=yes
lt_cv_prog_compiler_pic_works=yes
lt_cv_prog_compiler_pic_works_CXX=yes
lt_cv_prog_compiler_rtti_exceptions=no
lt_cv_prog_compiler_static_works=yes
lt_cv_prog_compiler_static_works_CXX=yes
lt_cv_prog_gnu_ld=yes
lt_cv_prog_gnu_ldcxx=yes
lt_cv_sys_global_symbol_pipe='sed -n -e '\''s/^.*[	 ]\([ABCDGIRSTW][ABCDGIRSTW]*\)[	 ][	 ]*\([_A-Za-z][_A-Za-z0-9]*\)$/\1 \2 \2/p'\'''
lt_cv_sys_global_symbol_to_c_name_address='sed -n -e '\''s/^: \([^ ]*\) $/  {\"\1\", (void *) 0},/p'\'' -e '\''s/^[ABCDGIRSTW]* \([^ ]*\) \([^ ]*\)$/  {"\2", (void *) \&\2},/p'\'''
lt_cv_sys_global_symbol_to_c_name_address_lib_prefix='sed -n -e '\''s/^: \([^ ]*\) $/  {\"\1\", (void *) 0},/p'\'' -e '\''s/^[ABCDGIRSTW]* \([^ ]*\) \(lib[^ ]*\)$/  {"\2", (void *) \&\2},/p'\'' -e '\''s/^[ABCDGIRSTW]* \([^ ]*\) \([^ ]*\)$/  {"lib\2", (void *) \&\2},/p'\'''
lt_cv_sys_global_symbol_to_cdecl='sed -n -e '\''s/^T .* \(.*\)$/extern int \1();/p'\'' -e '\''s/^[ABCDGIRSTW]* .* \(.*\)$/extern char \1;/p'\'''
lt_cv_sys_max_cmd_len=3458764513820540925
pkg_cv_BASE_CFLAGS='-I/home/pinky/Desktop/testing/Edision/pingulux-git/tdt/tufsbox/cdkroot/usr/include/freetype2 -I/home/pinky/Desktop/testing/Edision/pingulux-git/tdt/tufsbox/cdkroot/usr/include -I/home/pinky/Desktop/testing/Edision/pingulux-git/tdt/tufsbox/cdkroot/usr/include/fribidi -I/home/pinky/Desktop/testing/Edision/pingulux-git/tdt/tufsbox/cdkroot/usr/include/libpng12 -I/home/pinky/Desktop/testing/Edision/pingulux-git/tdt/tufsbox/cdkroot/usr/include/libxml2 -I/home/pinky/Desktop/testing/Edision/pingulux-git/tdt/tufsbox/cdkroot/usr/lib/sigc++-1.2/include -I/home/pinky/Desktop/testing/Edision/pingulux-git/tdt/tufsbox/cdkroot/usr/include/sigc++-1.2  '
pkg_cv_BASE_LIBS='-L/home/pinky/Desktop/testing/Edision/pingulux-git/tdt/tufsbox/cdkroot/usr/lib -lfreetype -lz -lfribidi -ldvbsi++ -lpng12 -lxml2 -lsigc-1.2  '
pkg_cv_LIBDDVD_CFLAGS='-I/include/dreamdvd  '
pkg_cv_LIBDDVD_LIBS='-L/lib  '

## ----------------- ##
## Output variables. ##
## ----------------- ##

ACLOCAL='${SHELL} /home/pinky/Desktop/testing/Edision/pingulux-git/tdt/cvs/apps/enigma2-nightly/missing --run aclocal-1.11'
AMDEPBACKSLASH='\'
AMDEP_FALSE='#'
AMDEP_TRUE=''
AMTAR='${SHELL} /home/pinky/Desktop/testing/Edision/pingulux-git/tdt/cvs/apps/enigma2-nightly/missing --run tar'
AM_BACKSLASH='\'
AM_DEFAULT_VERBOSITY='0'
AR='sh4-linux-ar'
AUTOCONF='${SHELL} /home/pinky/Desktop/testing/Edision/pingulux-git/tdt/cvs/apps/enigma2-nightly/missing --run autoconf'
AUTOHEADER='${SHELL} /home/pinky/Desktop/testing/Edision/pingulux-git/tdt/cvs/apps/enigma2-nightly/missing --run autoheader'
AUTOMAKE='${SHELL} /home/pinky/Desktop/testing/Edision/pingulux-git/tdt/cvs/apps/enigma2-nightly/missing --run automake-1.11'
AWK='gawk'
AX_SWIG_PYTHON_CPPFLAGS='-I/home/pinky/Desktop/testing/Edision/pingulux-git/tdt/tufsbox/cdkroot/usr/include/python2.6'
AX_SWIG_PYTHON_OPT='-python'
BASE_CFLAGS='-I/home/pinky/Desktop/testing/Edision/pingulux-git/tdt/tufsbox/cdkroot/usr/include/freetype2 -I/home/pinky/Desktop/testing/Edision/pingulux-git/tdt/tufsbox/cdkroot/usr/include -I/home/pinky/Desktop/testing/Edision/pingulux-git/tdt/tufsbox/cdkroot/usr/include/fribidi -I/home/pinky/Desktop/testing/Edision/pingulux-git/tdt/tufsbox/cdkroot/usr/include/libpng12 -I/home/pinky/Desktop/testing/Edision/pingulux-git/tdt/tufsbox/cdkroot/usr/include/libxml2 -I/home/pinky/Desktop/testing/Edision/pingulux-git/tdt/tufsbox/cdkroot/usr/lib/sigc++-1.2/include -I/home/pinky/Desktop/testing/Edision/pingulux-git/tdt/tufsbox/cdkroot/usr/include/sigc++-1.2  '
BASE_LIBS='-L/home/pinky/Desktop/testing/Edision/pingulux-git/tdt/tufsbox/cdkroot/usr/lib -lfreetype -lz -lfribidi -ldvbsi++ -lpng12 -lxml2 -lsigc-1.2  '
CC='sh4-linux-gcc'
CCDEPMODE='depmode=gcc3'
CFLAGS='-g -O2 -ggdb3 -Wall'
CPP='sh4-linux-gcc -E'
CPPFLAGS=' -DPLATFORM_SPARK -I/home/pinky/Desktop/testing/Edision/pingulux-git/tdt/cvs/driver/include -I /home/pinky/Desktop/testing/Edision/pingulux-git/tdt/cvs/cdk/linux-sh4-2.6.23.17_stm23_0123/include -I/home/pinky/Desktop/testing/Edision/pingulux-git/tdt/tufsbox/cdkroot/usr/include/python2.6'
CXX='sh4-linux-g++'
CXXCPP='sh4-linux-g++ -E'
CXXDEPMODE='depmode=gcc3'
CXXFLAGS='-g -O2 -ggdb3 -Wall -I/home/pinky/Desktop/testing/Edision/pingulux-git/tdt/tufsbox/cdkroot/usr/include/freetype2 -I/home/pinky/Desktop/testing/Edision/pingulux-git/tdt/tufsbox/cdkroot/usr/include -I/home/pinky/Desktop/testing/Edision/pingulux-git/tdt/tufsbox/cdkroot/usr/include/fribidi -I/home/pinky/Desktop/testing/Edision/pingulux-git/tdt/tufsbox/cdkroot/usr/include/libpng12 -I/home/pinky/Desktop/testing/Edision/pingulux-git/tdt/tufsbox/cdkroot/usr/include/libxml2 -I/home/pinky/Desktop/testing/Edision/pingulux-git/tdt/tufsbox/cdkroot/usr/lib/sigc++-1.2/include -I/home/pinky/Desktop/testing/Edision/pingulux-git/tdt/tufsbox/cdkroot/usr/include/sigc++-1.2   -fno-rtti -fno-exceptions -pthread'
CYGPATH_W='echo'
DEFS='-DHAVE_CONFIG_H'
DEPDIR='.deps'
DSYMUTIL=''
DUMPBIN=''
ECHO_C=''
ECHO_N='-n'
ECHO_T=''
EGREP='/bin/grep -E'
ENABLE_CUBEREVO_FALSE=''
ENABLE_CUBEREVO_TRUE='#'
ENABLE_TF7700_FALSE=''
ENABLE_TF7700_TRUE='#'
ENIGMA2_CFLAGS='-fno-rtti -fno-exceptions'
EXEEXT=''
FGREP='/bin/grep -F'
GREP='/bin/grep'
HAVE_FAKE_GIT_DIR_FALSE=''
HAVE_FAKE_GIT_DIR_TRUE='#'
HAVE_GIT_DIR_FALSE='#'
HAVE_GIT_DIR_TRUE=''
HAVE_LIBDDVD_FALSE='#'
HAVE_LIBDDVD_TRUE=''
HAVE_LIBSDL_FALSE=''
HAVE_LIBSDL_TRUE='#'
HAVE_LIBXINE_FALSE=''
HAVE_LIBXINE_TRUE='#'
INSTALL_DATA='${INSTALL} -m 644'
INSTALL_PROGRAM='${INSTALL}'
INSTALL_SCRIPT='${INSTALL}'
INSTALL_STRIP_PROGRAM='$(install_sh) -c -s'
LD='/home/pinky/Desktop/testing/Edision/pingulux-git/tdt/tufsbox/devkit/sh4/sh4-linux/bin/ld'
LDFLAGS=''
LIBDDVD_CFLAGS='-I/include/dreamdvd  '
LIBDDVD_LIBS='-L/lib  '
LIBDL_LIBS='-ldl'
LIBGIF_LIBS='-lgif'
LIBJPEG_LIBS='-ljpeg'
LIBOBJS=''
LIBS=''
LIBSDL_CFLAGS=''
LIBSDL_LIBS=''
LIBTOOL='$(SHELL) $(top_builddir)/libtool'
LIBXINE_CFLAGS=''
LIBXINE_LIBS=''
LIBXMLCCWRAP_LIBS='-lxmlccwrap'
LIPO=''
LN_S='ln -s'
LTLIBOBJS=''
MAKEINFO='${SHELL} /home/pinky/Desktop/testing/Edision/pingulux-git/tdt/cvs/apps/enigma2-nightly/missing --run makeinfo'
MKDIR_P='/bin/mkdir -p'
MSGFMT='/usr/bin/msgfmt'
MSGINIT=''
MSGMERGE=''
MSGUNIQ=''
NM='/home/pinky/Desktop/testing/Edision/pingulux-git/tdt/tufsbox/devkit/sh4/bin/sh4-linux-nm -B'
NMEDIT=''
OBJDUMP='sh4-linux-objdump'
OBJEXT='o'
OTOOL64=''
OTOOL=''
PACKAGE='enigma2'
PACKAGE_BUGREPORT='enigma2-devel@lists.elitedvb.net'
PACKAGE_NAME='enigma2'
PACKAGE_STRING='enigma2 3.0.0'
PACKAGE_TARNAME='enigma2'
PACKAGE_URL=''
PACKAGE_VERSION='3.0.0'
PATH_SEPARATOR=':'
PKG_CONFIG='/home/pinky/Desktop/testing/Edision/pingulux-git/tdt/tufsbox/host/bin/pkg-config'
PTHREAD_CC='sh4-linux-gcc'
PTHREAD_CFLAGS='-pthread'
PTHREAD_LIBS=''
PYTHON='/home/pinky/Desktop/testing/Edision/pingulux-git/tdt/tufsbox/devkit/sh4/bin/python'
PYTHON_CPPFLAGS='-I/home/pinky/Desktop/testing/Edision/pingulux-git/tdt/tufsbox/cdkroot/usr/include/python2.6'
PYTHON_EXEC_PREFIX='${exec_prefix}'
PYTHON_EXTRA_LDFLAGS='-Xlinker -export-dynamic'
PYTHON_EXTRA_LIBS=' -ldl  -lutil'
PYTHON_LDFLAGS='-L/home/pinky/Desktop/testing/Edision/pingulux-git/tdt/tufsbox/cdkroot/usr/include/python2.6 -lpython2.6'
PYTHON_PLATFORM='linux2'
PYTHON_PREFIX='${prefix}'
PYTHON_SITE_PKG='/home/pinky/Desktop/testing/Edision/pingulux-git/tdt/tufsbox/cdkroot/usr//lib/python2.6/site-packages'
PYTHON_VERSION='2.6'
RANLIB='sh4-linux-ranlib'
SED='/bin/sed'
SET_MAKE=''
SHELL='/bin/sh'
STRIP='sh4-linux-strip'
SWIG='/usr/bin/swig -c++'
SWIG_LIB=''
UPDATE_PO_FALSE=''
UPDATE_PO_TRUE='#'
VERSION='3.0.0'
XGETTEXT=''
ac_ct_CC=''
ac_ct_CXX=''
ac_ct_DUMPBIN=''
am__EXEEXT_FALSE=''
am__EXEEXT_TRUE='#'
am__fastdepCC_FALSE='#'
am__fastdepCC_TRUE=''
am__fastdepCXX_FALSE='#'
am__fastdepCXX_TRUE=''
am__include='include'
am__isrc=''
am__leading_dot='.'
am__quote=''
am__tar='tar --format=posix -chf - "$$tardir"'
am__untar='tar -xf -'
ax_pthread_config=''
bindir='${exec_prefix}/bin'
build='x86_64-unknown-linux-gnu'
build_alias=''
build_cpu='x86_64'
build_os='linux-gnu'
build_vendor='unknown'
datadir='/usr/local/share'
datarootdir='${prefix}/share'
docdir='${datarootdir}/doc/${PACKAGE_TARNAME}'
dvidir='${docdir}'
exec_prefix='${prefix}'
host='sh4-unknown-linux-gnu'
host_alias='sh4-linux'
host_cpu='sh4'
host_os='linux-gnu'
host_vendor='unknown'
htmldir='${docdir}'
includedir='${prefix}/include'
infodir='${datarootdir}/info'
install_sh='${SHELL} /home/pinky/Desktop/testing/Edision/pingulux-git/tdt/cvs/apps/enigma2-nightly/install-sh'
libdir='${exec_prefix}/lib'
libexecdir='${exec_prefix}/libexec'
localedir='${datarootdir}/locale'
localstatedir='${prefix}/var'
lt_ECHO='echo'
mandir='${datarootdir}/man'
mkdir_p='/bin/mkdir -p'
oldincludedir='/usr/include'
pdfdir='${docdir}'
pkgpyexecdir='${pyexecdir}/enigma2'
pkgpythondir='${pythondir}/enigma2'
prefix='/usr'
program_transform_name='s,x,x,'
psdir='${docdir}'
pyexecdir='${exec_prefix}/lib/python2.6/site-packages'
pythondir='${prefix}/lib/python2.6/site-packages'
sbindir='${exec_prefix}/sbin'
sharedstatedir='${prefix}/com'
sysconfdir='/etc'
target_alias=''

## ----------- ##
## confdefs.h. ##
## ----------- ##

/* confdefs.h */
#define PACKAGE_NAME "enigma2"
#define PACKAGE_TARNAME "enigma2"
#define PACKAGE_VERSION "3.0.0"
#define PACKAGE_STRING "enigma2 3.0.0"
#define PACKAGE_BUGREPORT "enigma2-devel@lists.elitedvb.net"
#define PACKAGE_URL ""
#define STDC_HEADERS 1
#define HAVE_SYS_TYPES_H 1
#define HAVE_SYS_STAT_H 1
#define HAVE_STDLIB_H 1
#define HAVE_STRING_H 1
#define HAVE_MEMORY_H 1
#define HAVE_STRINGS_H 1
#define HAVE_INTTYPES_H 1
#define HAVE_STDINT_H 1
#define HAVE_UNISTD_H 1
#define __EXTENSIONS__ 1
#define _ALL_SOURCE 1
#define _GNU_SOURCE 1
#define _POSIX_PTHREAD_SEMANTICS 1
#define _TANDEM_SOURCE 1
#define _FILE_OFFSET_BITS 64
#define HAVE_DLFCN_H 1
#define LT_OBJDIR ".libs/"
#define HAVE_DBOX_FP_H 1
#define HAVE_DBOX_LCD_KS0713_H 1
#define HAVE_PYTHON "2.6"
#define HAVE_PTHREAD 1
#define HAVE_LINUX_DVB_VERSION_H 1
#define HAVE_DVB 1
#define HAVE_DVB_API_VERSION 3
#define DEBUG 1

configure: exit 0
